{"D:\\cursos\\practicas\\MDP\\practica-fu\\FUturo-mvp-backend\\index.js": {"path":"D:\\cursos\\practicas\\MDP\\practica-fu\\FUturo-mvp-backend\\index.js","statementMap":{"0":{"start":{"line":1,"column":16},"end":{"line":1,"column":34}},"1":{"start":{"line":2,"column":18},"end":{"line":2,"column":37}},"2":{"start":{"line":3,"column":40},"end":{"line":3,"column":78}},"3":{"start":{"line":4,"column":13},"end":{"line":4,"column":28}},"4":{"start":{"line":7,"column":18},"end":{"line":7,"column":47}},"5":{"start":{"line":8,"column":21},"end":{"line":8,"column":45}},"6":{"start":{"line":9,"column":20},"end":{"line":35,"column":1}},"7":{"start":{"line":37,"column":12},"end":{"line":37,"column":21}},"8":{"start":{"line":38,"column":13},"end":{"line":38,"column":38}},"9":{"start":{"line":40,"column":0},"end":{"line":40,"column":24}},"10":{"start":{"line":41,"column":0},"end":{"line":41,"column":16}},"11":{"start":{"line":43,"column":0},"end":{"line":43,"column":24}},"12":{"start":{"line":44,"column":0},"end":{"line":44,"column":36}},"13":{"start":{"line":47,"column":0},"end":{"line":49,"column":3}},"14":{"start":{"line":48,"column":2},"end":{"line":48,"column":25}},"15":{"start":{"line":52,"column":0},"end":{"line":52,"column":15}},"16":{"start":{"line":55,"column":0},"end":{"line":55,"column":19}},"17":{"start":{"line":56,"column":0},"end":{"line":56,"column":26}},"18":{"start":{"line":57,"column":0},"end":{"line":57,"column":78}},"19":{"start":{"line":59,"column":15},"end":{"line":61,"column":2}},"20":{"start":{"line":60,"column":2},"end":{"line":60,"column":33}},"21":{"start":{"line":63,"column":0},"end":{"line":63,"column":32}}},"fnMap":{"0":{"name":"(anonymous_0)","decl":{"start":{"line":47,"column":13},"end":{"line":47,"column":14}},"loc":{"start":{"line":47,"column":27},"end":{"line":49,"column":1}},"line":47},"1":{"name":"(anonymous_1)","decl":{"start":{"line":59,"column":32},"end":{"line":59,"column":33}},"loc":{"start":{"line":59,"column":38},"end":{"line":61,"column":1}},"line":59}},"branchMap":{"0":{"loc":{"start":{"line":38,"column":13},"end":{"line":38,"column":38}},"type":"binary-expr","locations":[{"start":{"line":38,"column":13},"end":{"line":38,"column":29}},{"start":{"line":38,"column":34},"end":{"line":38,"column":38}}],"line":38}},"s":{"0":1,"1":1,"2":1,"3":1,"4":1,"5":1,"6":1,"7":1,"8":1,"9":1,"10":1,"11":1,"12":1,"13":1,"14":0,"15":1,"16":1,"17":1,"18":1,"19":1,"20":1,"21":1},"f":{"0":0,"1":1},"b":{"0":[1,0]},"_coverageSchema":"1a1c01bbd47fc00a2c39e90264f33305004495a9","hash":"57251bd13b0750212822e95cb2be28c9abaadb50"}
,"D:\\cursos\\practicas\\MDP\\practica-fu\\FUturo-mvp-backend\\config\\config.js": {"path":"D:\\cursos\\practicas\\MDP\\practica-fu\\FUturo-mvp-backend\\config\\config.js","statementMap":{"0":{"start":{"line":1,"column":0},"end":{"line":1,"column":27}},"1":{"start":{"line":3,"column":15},"end":{"line":15,"column":1}},"2":{"start":{"line":17,"column":0},"end":{"line":17,"column":28}}},"fnMap":{},"branchMap":{"0":{"loc":{"start":{"line":4,"column":7},"end":{"line":4,"column":36}},"type":"binary-expr","locations":[{"start":{"line":4,"column":7},"end":{"line":4,"column":27}},{"start":{"line":4,"column":31},"end":{"line":4,"column":36}}],"line":4},"1":{"loc":{"start":{"line":5,"column":8},"end":{"line":5,"column":32}},"type":"binary-expr","locations":[{"start":{"line":5,"column":8},"end":{"line":5,"column":24}},{"start":{"line":5,"column":28},"end":{"line":5,"column":32}}],"line":5}},"s":{"0":1,"1":1,"2":1},"f":{},"b":{"0":[1,0],"1":[1,0]},"_coverageSchema":"1a1c01bbd47fc00a2c39e90264f33305004495a9","hash":"de3b31926b35b9d90c72dad1a0421643126b9534"}
,"D:\\cursos\\practicas\\MDP\\practica-fu\\FUturo-mvp-backend\\libs\\sequelize.js": {"path":"D:\\cursos\\practicas\\MDP\\practica-fu\\FUturo-mvp-backend\\libs\\sequelize.js","statementMap":{"0":{"start":{"line":1,"column":22},"end":{"line":1,"column":42}},"1":{"start":{"line":3,"column":19},"end":{"line":3,"column":48}},"2":{"start":{"line":5,"column":13},"end":{"line":5,"column":46}},"3":{"start":{"line":6,"column":17},"end":{"line":6,"column":54}},"4":{"start":{"line":7,"column":12},"end":{"line":7,"column":95}},"5":{"start":{"line":9,"column":18},"end":{"line":12,"column":2}},"6":{"start":{"line":14,"column":0},"end":{"line":14,"column":27}}},"fnMap":{},"branchMap":{},"s":{"0":1,"1":1,"2":1,"3":1,"4":1,"5":1,"6":1},"f":{},"b":{},"_coverageSchema":"1a1c01bbd47fc00a2c39e90264f33305004495a9","hash":"267c4af71d6a089a9a62be5543a6d166fe0ec41d"}
,"D:\\cursos\\practicas\\MDP\\practica-fu\\FUturo-mvp-backend\\middlewares\\auth.handler.js": {"path":"D:\\cursos\\practicas\\MDP\\practica-fu\\FUturo-mvp-backend\\middlewares\\auth.handler.js","statementMap":{"0":{"start":{"line":1,"column":13},"end":{"line":1,"column":34}},"1":{"start":{"line":3,"column":19},"end":{"line":3,"column":46}},"2":{"start":{"line":8,"column":17},"end":{"line":8,"column":35}},"3":{"start":{"line":9,"column":2},"end":{"line":13,"column":3}},"4":{"start":{"line":10,"column":4},"end":{"line":10,"column":11}},"5":{"start":{"line":12,"column":4},"end":{"line":12,"column":30}},"6":{"start":{"line":17,"column":2},"end":{"line":24,"column":3}},"7":{"start":{"line":18,"column":17},"end":{"line":18,"column":25}},"8":{"start":{"line":19,"column":4},"end":{"line":23,"column":5}},"9":{"start":{"line":20,"column":6},"end":{"line":20,"column":13}},"10":{"start":{"line":22,"column":6},"end":{"line":22,"column":32}},"11":{"start":{"line":29,"column":0},"end":{"line":29,"column":44}}},"fnMap":{"0":{"name":"checkApiKey","decl":{"start":{"line":6,"column":9},"end":{"line":6,"column":20}},"loc":{"start":{"line":6,"column":37},"end":{"line":14,"column":1}},"line":6},"1":{"name":"checkRoles","decl":{"start":{"line":16,"column":9},"end":{"line":16,"column":19}},"loc":{"start":{"line":16,"column":30},"end":{"line":26,"column":1}},"line":16},"2":{"name":"(anonymous_2)","decl":{"start":{"line":17,"column":9},"end":{"line":17,"column":10}},"loc":{"start":{"line":17,"column":29},"end":{"line":24,"column":3}},"line":17}},"branchMap":{"0":{"loc":{"start":{"line":9,"column":2},"end":{"line":13,"column":3}},"type":"if","locations":[{"start":{"line":9,"column":2},"end":{"line":13,"column":3}},{"start":{"line":11,"column":9},"end":{"line":13,"column":3}}],"line":9},"1":{"loc":{"start":{"line":19,"column":4},"end":{"line":23,"column":5}},"type":"if","locations":[{"start":{"line":19,"column":4},"end":{"line":23,"column":5}},{"start":{"line":21,"column":11},"end":{"line":23,"column":5}}],"line":19}},"s":{"0":1,"1":1,"2":0,"3":0,"4":0,"5":0,"6":4,"7":0,"8":0,"9":0,"10":0,"11":1},"f":{"0":0,"1":4,"2":0},"b":{"0":[0,0],"1":[0,0]},"_coverageSchema":"1a1c01bbd47fc00a2c39e90264f33305004495a9","hash":"a1e85b465b5d62b8c295061f34b7fd9479ef566d"}
,"D:\\cursos\\practicas\\MDP\\practica-fu\\FUturo-mvp-backend\\middlewares\\error.handler.js": {"path":"D:\\cursos\\practicas\\MDP\\practica-fu\\FUturo-mvp-backend\\middlewares\\error.handler.js","statementMap":{"0":{"start":{"line":2,"column":2},"end":{"line":2,"column":21}},"1":{"start":{"line":3,"column":2},"end":{"line":3,"column":12}},"2":{"start":{"line":7,"column":2},"end":{"line":10,"column":3}},"3":{"start":{"line":8,"column":23},"end":{"line":8,"column":26}},"4":{"start":{"line":9,"column":4},"end":{"line":9,"column":55}},"5":{"start":{"line":11,"column":2},"end":{"line":11,"column":12}},"6":{"start":{"line":15,"column":0},"end":{"line":15,"column":48}}},"fnMap":{"0":{"name":"logErrors","decl":{"start":{"line":1,"column":9},"end":{"line":1,"column":18}},"loc":{"start":{"line":1,"column":41},"end":{"line":4,"column":1}},"line":1},"1":{"name":"boomErrorHandler","decl":{"start":{"line":6,"column":9},"end":{"line":6,"column":25}},"loc":{"start":{"line":6,"column":47},"end":{"line":12,"column":1}},"line":6}},"branchMap":{"0":{"loc":{"start":{"line":7,"column":2},"end":{"line":10,"column":3}},"type":"if","locations":[{"start":{"line":7,"column":2},"end":{"line":10,"column":3}},{"start":{},"end":{}}],"line":7}},"s":{"0":0,"1":0,"2":0,"3":0,"4":0,"5":0,"6":1},"f":{"0":0,"1":0},"b":{"0":[0,0]},"_coverageSchema":"1a1c01bbd47fc00a2c39e90264f33305004495a9","hash":"092a103b7438330330faf87e1176ad4f2219b0fb"}
,"D:\\cursos\\practicas\\MDP\\practica-fu\\FUturo-mvp-backend\\middlewares\\upload.handler.js": {"path":"D:\\cursos\\practicas\\MDP\\practica-fu\\FUturo-mvp-backend\\middlewares\\upload.handler.js","statementMap":{"0":{"start":{"line":1,"column":15},"end":{"line":1,"column":32}},"1":{"start":{"line":4,"column":16},"end":{"line":13,"column":2}},"2":{"start":{"line":6,"column":16},"end":{"line":6,"column":50}},"3":{"start":{"line":7,"column":21},"end":{"line":7,"column":31}},"4":{"start":{"line":8,"column":4},"end":{"line":8,"column":35}},"5":{"start":{"line":11,"column":4},"end":{"line":11,"column":25}},"6":{"start":{"line":15,"column":14},"end":{"line":15,"column":25}},"7":{"start":{"line":16,"column":15},"end":{"line":27,"column":34}},"8":{"start":{"line":19,"column":29},"end":{"line":19,"column":43}},"9":{"start":{"line":20,"column":28},"end":{"line":20,"column":57}},"10":{"start":{"line":21,"column":27},"end":{"line":21,"column":77}},"11":{"start":{"line":22,"column":13},"end":{"line":24,"column":14}},"12":{"start":{"line":23,"column":17},"end":{"line":23,"column":39}},"13":{"start":{"line":25,"column":13},"end":{"line":25,"column":102}},"14":{"start":{"line":29,"column":0},"end":{"line":29,"column":27}}},"fnMap":{"0":{"name":"(anonymous_0)","decl":{"start":{"line":5,"column":12},"end":{"line":5,"column":13}},"loc":{"start":{"line":5,"column":37},"end":{"line":9,"column":3}},"line":5},"1":{"name":"(anonymous_1)","decl":{"start":{"line":10,"column":15},"end":{"line":10,"column":16}},"loc":{"start":{"line":10,"column":40},"end":{"line":12,"column":3}},"line":10},"2":{"name":"(anonymous_2)","decl":{"start":{"line":17,"column":14},"end":{"line":17,"column":15}},"loc":{"start":{"line":17,"column":39},"end":{"line":26,"column":10}},"line":17}},"branchMap":{"0":{"loc":{"start":{"line":22,"column":13},"end":{"line":24,"column":14}},"type":"if","locations":[{"start":{"line":22,"column":13},"end":{"line":24,"column":14}},{"start":{},"end":{}}],"line":22},"1":{"loc":{"start":{"line":22,"column":17},"end":{"line":22,"column":36}},"type":"binary-expr","locations":[{"start":{"line":22,"column":17},"end":{"line":22,"column":25}},{"start":{"line":22,"column":29},"end":{"line":22,"column":36}}],"line":22}},"s":{"0":1,"1":1,"2":0,"3":0,"4":0,"5":0,"6":1,"7":1,"8":0,"9":0,"10":0,"11":0,"12":0,"13":0,"14":1},"f":{"0":0,"1":0,"2":0},"b":{"0":[0,0],"1":[0,0]},"_coverageSchema":"1a1c01bbd47fc00a2c39e90264f33305004495a9","hash":"1b5c5a4c53698f79a1f2c75cab7c11474d603dc6"}
,"D:\\cursos\\practicas\\MDP\\practica-fu\\FUturo-mvp-backend\\middlewares\\validator.handler.js": {"path":"D:\\cursos\\practicas\\MDP\\practica-fu\\FUturo-mvp-backend\\middlewares\\validator.handler.js","statementMap":{"0":{"start":{"line":1,"column":13},"end":{"line":1,"column":34}},"1":{"start":{"line":4,"column":2},"end":{"line":11,"column":3}},"2":{"start":{"line":5,"column":17},"end":{"line":5,"column":30}},"3":{"start":{"line":6,"column":22},"end":{"line":6,"column":66}},"4":{"start":{"line":7,"column":4},"end":{"line":9,"column":5}},"5":{"start":{"line":8,"column":6},"end":{"line":8,"column":35}},"6":{"start":{"line":10,"column":4},"end":{"line":10,"column":11}},"7":{"start":{"line":14,"column":0},"end":{"line":14,"column":34}}},"fnMap":{"0":{"name":"validatorHandler","decl":{"start":{"line":3,"column":9},"end":{"line":3,"column":25}},"loc":{"start":{"line":3,"column":44},"end":{"line":12,"column":1}},"line":3},"1":{"name":"(anonymous_1)","decl":{"start":{"line":4,"column":9},"end":{"line":4,"column":10}},"loc":{"start":{"line":4,"column":29},"end":{"line":11,"column":3}},"line":4}},"branchMap":{"0":{"loc":{"start":{"line":7,"column":4},"end":{"line":9,"column":5}},"type":"if","locations":[{"start":{"line":7,"column":4},"end":{"line":9,"column":5}},{"start":{},"end":{}}],"line":7}},"s":{"0":1,"1":7,"2":0,"3":0,"4":0,"5":0,"6":0,"7":1},"f":{"0":7,"1":0},"b":{"0":[0,0]},"_coverageSchema":"1a1c01bbd47fc00a2c39e90264f33305004495a9","hash":"bf4b1e19521e474be47607da0177d63f0637ac3a"}
,"D:\\cursos\\practicas\\MDP\\practica-fu\\FUturo-mvp-backend\\routes\\assignedHours.router.js": {"path":"D:\\cursos\\practicas\\MDP\\practica-fu\\FUturo-mvp-backend\\routes\\assignedHours.router.js","statementMap":{"0":{"start":{"line":1,"column":16},"end":{"line":1,"column":34}},"1":{"start":{"line":2,"column":29},"end":{"line":2,"column":73}},"2":{"start":{"line":5,"column":15},"end":{"line":5,"column":31}},"3":{"start":{"line":6,"column":29},"end":{"line":6,"column":55}},"4":{"start":{"line":9,"column":0},"end":{"line":19,"column":3}},"5":{"start":{"line":10,"column":2},"end":{"line":17,"column":3}},"6":{"start":{"line":11,"column":30},"end":{"line":11,"column":40}},"7":{"start":{"line":12,"column":24},"end":{"line":12,"column":102}},"8":{"start":{"line":13,"column":4},"end":{"line":13,"column":65}},"9":{"start":{"line":16,"column":4},"end":{"line":16,"column":12}},"10":{"start":{"line":22,"column":0},"end":{"line":22,"column":24}}},"fnMap":{"0":{"name":"(anonymous_0)","decl":{"start":{"line":9,"column":34},"end":{"line":9,"column":35}},"loc":{"start":{"line":9,"column":58},"end":{"line":19,"column":1}},"line":9}},"branchMap":{},"s":{"0":1,"1":1,"2":1,"3":1,"4":1,"5":0,"6":0,"7":0,"8":0,"9":0,"10":1},"f":{"0":0},"b":{},"_coverageSchema":"1a1c01bbd47fc00a2c39e90264f33305004495a9","hash":"bb854236698c9fbefeb1875bfbe1b2b0d69b06f7"}
,"D:\\cursos\\practicas\\MDP\\practica-fu\\FUturo-mvp-backend\\routes\\assignments.router.js": {"path":"D:\\cursos\\practicas\\MDP\\practica-fu\\FUturo-mvp-backend\\routes\\assignments.router.js","statementMap":{"0":{"start":{"line":1,"column":16},"end":{"line":1,"column":34}},"1":{"start":{"line":2,"column":18},"end":{"line":2,"column":46}},"2":{"start":{"line":3,"column":27},"end":{"line":3,"column":69}},"3":{"start":{"line":4,"column":22},"end":{"line":4,"column":59}},"4":{"start":{"line":5,"column":24},"end":{"line":5,"column":63}},"5":{"start":{"line":8,"column":15},"end":{"line":8,"column":31}},"6":{"start":{"line":9,"column":27},"end":{"line":9,"column":51}},"7":{"start":{"line":10,"column":22},"end":{"line":10,"column":41}},"8":{"start":{"line":11,"column":24},"end":{"line":11,"column":45}},"9":{"start":{"line":14,"column":0},"end":{"line":24,"column":3}},"10":{"start":{"line":15,"column":2},"end":{"line":22,"column":3}},"11":{"start":{"line":16,"column":39},"end":{"line":16,"column":49}},"12":{"start":{"line":17,"column":14},"end":{"line":17,"column":114}},"13":{"start":{"line":18,"column":4},"end":{"line":18,"column":50}},"14":{"start":{"line":21,"column":4},"end":{"line":21,"column":12}},"15":{"start":{"line":26,"column":0},"end":{"line":65,"column":3}},"16":{"start":{"line":27,"column":2},"end":{"line":63,"column":3}},"17":{"start":{"line":28,"column":92},"end":{"line":28,"column":100}},"18":{"start":{"line":29,"column":25},"end":{"line":29,"column":52}},"19":{"start":{"line":30,"column":12},"end":{"line":30,"column":117}},"20":{"start":{"line":31,"column":10},"end":{"line":31,"column":19}},"21":{"start":{"line":32,"column":4},"end":{"line":35,"column":5}},"22":{"start":{"line":33,"column":4},"end":{"line":33,"column":118}},"23":{"start":{"line":34,"column":4},"end":{"line":34,"column":11}},"24":{"start":{"line":36,"column":26},"end":{"line":36,"column":48}},"25":{"start":{"line":37,"column":4},"end":{"line":40,"column":5}},"26":{"start":{"line":38,"column":6},"end":{"line":38,"column":137}},"27":{"start":{"line":39,"column":6},"end":{"line":39,"column":13}},"28":{"start":{"line":41,"column":4},"end":{"line":58,"column":5}},"29":{"start":{"line":42,"column":30},"end":{"line":42,"column":41}},"30":{"start":{"line":43,"column":19},"end":{"line":43,"column":44}},"31":{"start":{"line":44,"column":25},"end":{"line":44,"column":39}},"32":{"start":{"line":45,"column":6},"end":{"line":50,"column":7}},"33":{"start":{"line":46,"column":8},"end":{"line":46,"column":40}},"34":{"start":{"line":47,"column":8},"end":{"line":47,"column":91}},"35":{"start":{"line":49,"column":8},"end":{"line":49,"column":89}},"36":{"start":{"line":51,"column":21},"end":{"line":51,"column":70}},"37":{"start":{"line":52,"column":27},"end":{"line":52,"column":81}},"38":{"start":{"line":53,"column":16},"end":{"line":53,"column":51}},"39":{"start":{"line":54,"column":18},"end":{"line":54,"column":31}},"40":{"start":{"line":55,"column":4},"end":{"line":55,"column":125}},"41":{"start":{"line":56,"column":4},"end":{"line":56,"column":123}},"42":{"start":{"line":57,"column":4},"end":{"line":57,"column":123}},"43":{"start":{"line":59,"column":4},"end":{"line":59,"column":37}},"44":{"start":{"line":60,"column":4},"end":{"line":60,"column":18}},"45":{"start":{"line":62,"column":4},"end":{"line":62,"column":13}},"46":{"start":{"line":67,"column":0},"end":{"line":77,"column":3}},"47":{"start":{"line":68,"column":2},"end":{"line":75,"column":3}},"48":{"start":{"line":69,"column":47},"end":{"line":69,"column":57}},"49":{"start":{"line":70,"column":14},"end":{"line":70,"column":91}},"50":{"start":{"line":71,"column":4},"end":{"line":71,"column":18}},"51":{"start":{"line":74,"column":4},"end":{"line":74,"column":12}},"52":{"start":{"line":79,"column":0},"end":{"line":89,"column":3}},"53":{"start":{"line":80,"column":2},"end":{"line":87,"column":3}},"54":{"start":{"line":81,"column":20},"end":{"line":81,"column":30}},"55":{"start":{"line":82,"column":14},"end":{"line":82,"column":63}},"56":{"start":{"line":83,"column":4},"end":{"line":83,"column":18}},"57":{"start":{"line":86,"column":4},"end":{"line":86,"column":12}},"58":{"start":{"line":91,"column":0},"end":{"line":111,"column":3}},"59":{"start":{"line":92,"column":2},"end":{"line":109,"column":3}},"60":{"start":{"line":93,"column":20},"end":{"line":93,"column":30}},"61":{"start":{"line":94,"column":41},"end":{"line":94,"column":106}},"62":{"start":{"line":95,"column":4},"end":{"line":95,"column":36}},"63":{"start":{"line":96,"column":14},"end":{"line":96,"column":64}},"64":{"start":{"line":97,"column":21},"end":{"line":97,"column":70}},"65":{"start":{"line":98,"column":27},"end":{"line":98,"column":81}},"66":{"start":{"line":99,"column":16},"end":{"line":99,"column":51}},"67":{"start":{"line":100,"column":18},"end":{"line":100,"column":31}},"68":{"start":{"line":101,"column":4},"end":{"line":101,"column":125}},"69":{"start":{"line":102,"column":4},"end":{"line":102,"column":123}},"70":{"start":{"line":103,"column":4},"end":{"line":103,"column":123}},"71":{"start":{"line":104,"column":4},"end":{"line":104,"column":37}},"72":{"start":{"line":105,"column":4},"end":{"line":105,"column":18}},"73":{"start":{"line":108,"column":4},"end":{"line":108,"column":12}},"74":{"start":{"line":113,"column":0},"end":{"line":113,"column":24}}},"fnMap":{"0":{"name":"(anonymous_0)","decl":{"start":{"line":14,"column":60},"end":{"line":14,"column":61}},"loc":{"start":{"line":14,"column":84},"end":{"line":24,"column":1}},"line":14},"1":{"name":"(anonymous_1)","decl":{"start":{"line":26,"column":38},"end":{"line":26,"column":39}},"loc":{"start":{"line":26,"column":62},"end":{"line":65,"column":1}},"line":26},"2":{"name":"(anonymous_2)","decl":{"start":{"line":67,"column":67},"end":{"line":67,"column":68}},"loc":{"start":{"line":67,"column":91},"end":{"line":77,"column":1}},"line":67},"3":{"name":"(anonymous_3)","decl":{"start":{"line":79,"column":32},"end":{"line":79,"column":33}},"loc":{"start":{"line":79,"column":56},"end":{"line":89,"column":1}},"line":79},"4":{"name":"(anonymous_4)","decl":{"start":{"line":91,"column":43},"end":{"line":91,"column":44}},"loc":{"start":{"line":91,"column":67},"end":{"line":111,"column":1}},"line":91}},"branchMap":{"0":{"loc":{"start":{"line":29,"column":25},"end":{"line":29,"column":52}},"type":"binary-expr","locations":[{"start":{"line":29,"column":25},"end":{"line":29,"column":48}},{"start":{"line":29,"column":50},"end":{"line":29,"column":52}}],"line":29},"1":{"loc":{"start":{"line":32,"column":4},"end":{"line":35,"column":5}},"type":"if","locations":[{"start":{"line":32,"column":4},"end":{"line":35,"column":5}},{"start":{},"end":{}}],"line":32},"2":{"loc":{"start":{"line":32,"column":7},"end":{"line":32,"column":121}},"type":"binary-expr","locations":[{"start":{"line":32,"column":7},"end":{"line":32,"column":115}},{"start":{"line":32,"column":119},"end":{"line":32,"column":121}}],"line":32},"3":{"loc":{"start":{"line":37,"column":4},"end":{"line":40,"column":5}},"type":"if","locations":[{"start":{"line":37,"column":4},"end":{"line":40,"column":5}},{"start":{},"end":{}}],"line":37},"4":{"loc":{"start":{"line":37,"column":7},"end":{"line":37,"column":115}},"type":"binary-expr","locations":[{"start":{"line":37,"column":8},"end":{"line":37,"column":108}},{"start":{"line":37,"column":113},"end":{"line":37,"column":115}}],"line":37},"5":{"loc":{"start":{"line":41,"column":4},"end":{"line":58,"column":5}},"type":"if","locations":[{"start":{"line":41,"column":4},"end":{"line":58,"column":5}},{"start":{},"end":{}}],"line":41},"6":{"loc":{"start":{"line":45,"column":6},"end":{"line":50,"column":7}},"type":"if","locations":[{"start":{"line":45,"column":6},"end":{"line":50,"column":7}},{"start":{"line":48,"column":11},"end":{"line":50,"column":7}}],"line":45}},"s":{"0":1,"1":1,"2":1,"3":1,"4":1,"5":1,"6":1,"7":1,"8":1,"9":1,"10":0,"11":0,"12":0,"13":0,"14":0,"15":1,"16":0,"17":0,"18":0,"19":0,"20":0,"21":0,"22":0,"23":0,"24":0,"25":0,"26":0,"27":0,"28":0,"29":0,"30":0,"31":0,"32":0,"33":0,"34":0,"35":0,"36":0,"37":0,"38":0,"39":0,"40":0,"41":0,"42":0,"43":0,"44":0,"45":0,"46":1,"47":0,"48":0,"49":0,"50":0,"51":0,"52":1,"53":0,"54":0,"55":0,"56":0,"57":0,"58":1,"59":0,"60":0,"61":0,"62":0,"63":0,"64":0,"65":0,"66":0,"67":0,"68":0,"69":0,"70":0,"71":0,"72":0,"73":0,"74":1},"f":{"0":0,"1":0,"2":0,"3":0,"4":0},"b":{"0":[0,0],"1":[0,0],"2":[0,0],"3":[0,0],"4":[0,0],"5":[0,0],"6":[0,0]},"_coverageSchema":"1a1c01bbd47fc00a2c39e90264f33305004495a9","hash":"09a5043e3fa2d2aa233d80e0e30eb5ee69b63cfc"}
,"D:\\cursos\\practicas\\MDP\\practica-fu\\FUturo-mvp-backend\\routes\\auth.router.js": {"path":"D:\\cursos\\practicas\\MDP\\practica-fu\\FUturo-mvp-backend\\routes\\auth.router.js","statementMap":{"0":{"start":{"line":1,"column":16},"end":{"line":1,"column":34}},"1":{"start":{"line":2,"column":17},"end":{"line":2,"column":36}},"2":{"start":{"line":3,"column":12},"end":{"line":3,"column":35}},"3":{"start":{"line":5,"column":19},"end":{"line":5,"column":48}},"4":{"start":{"line":7,"column":15},"end":{"line":7,"column":31}},"5":{"start":{"line":9,"column":0},"end":{"line":29,"column":2}},"6":{"start":{"line":12,"column":4},"end":{"line":27,"column":5}},"7":{"start":{"line":13,"column":19},"end":{"line":13,"column":27}},"8":{"start":{"line":14,"column":22},"end":{"line":20,"column":7}},"9":{"start":{"line":21,"column":20},"end":{"line":21,"column":82}},"10":{"start":{"line":22,"column":6},"end":{"line":24,"column":9}},"11":{"start":{"line":26,"column":6},"end":{"line":26,"column":18}},"12":{"start":{"line":31,"column":0},"end":{"line":31,"column":24}}},"fnMap":{"0":{"name":"(anonymous_0)","decl":{"start":{"line":11,"column":2},"end":{"line":11,"column":3}},"loc":{"start":{"line":11,"column":28},"end":{"line":28,"column":3}},"line":11}},"branchMap":{},"s":{"0":1,"1":1,"2":1,"3":1,"4":1,"5":1,"6":1,"7":1,"8":1,"9":1,"10":1,"11":0,"12":1},"f":{"0":1},"b":{},"_coverageSchema":"1a1c01bbd47fc00a2c39e90264f33305004495a9","hash":"b26446b6d5ff6ead43fe3251ac580640e4dad7f9"}
,"D:\\cursos\\practicas\\MDP\\practica-fu\\FUturo-mvp-backend\\routes\\businessLine.router.js": {"path":"D:\\cursos\\practicas\\MDP\\practica-fu\\FUturo-mvp-backend\\routes\\businessLine.router.js","statementMap":{"0":{"start":{"line":1,"column":16},"end":{"line":1,"column":34}},"1":{"start":{"line":2,"column":28},"end":{"line":2,"column":71}},"2":{"start":{"line":4,"column":15},"end":{"line":4,"column":31}},"3":{"start":{"line":5,"column":28},"end":{"line":5,"column":53}},"4":{"start":{"line":7,"column":0},"end":{"line":16,"column":3}},"5":{"start":{"line":8,"column":2},"end":{"line":14,"column":3}},"6":{"start":{"line":9,"column":15},"end":{"line":9,"column":60}},"7":{"start":{"line":10,"column":4},"end":{"line":10,"column":19}},"8":{"start":{"line":13,"column":4},"end":{"line":13,"column":12}},"9":{"start":{"line":18,"column":0},"end":{"line":18,"column":24}}},"fnMap":{"0":{"name":"(anonymous_0)","decl":{"start":{"line":7,"column":15},"end":{"line":7,"column":16}},"loc":{"start":{"line":7,"column":39},"end":{"line":16,"column":1}},"line":7}},"branchMap":{},"s":{"0":1,"1":1,"2":1,"3":1,"4":1,"5":0,"6":0,"7":0,"8":0,"9":1},"f":{"0":0},"b":{},"_coverageSchema":"1a1c01bbd47fc00a2c39e90264f33305004495a9","hash":"cde5b16ee7f3471793e16d0da80a30473f2a3c42"}
,"D:\\cursos\\practicas\\MDP\\practica-fu\\FUturo-mvp-backend\\routes\\client.router.js": {"path":"D:\\cursos\\practicas\\MDP\\practica-fu\\FUturo-mvp-backend\\routes\\client.router.js","statementMap":{"0":{"start":{"line":1,"column":16},"end":{"line":1,"column":34}},"1":{"start":{"line":2,"column":22},"end":{"line":2,"column":61}},"2":{"start":{"line":4,"column":15},"end":{"line":4,"column":31}},"3":{"start":{"line":5,"column":22},"end":{"line":5,"column":41}},"4":{"start":{"line":40,"column":1},"end":{"line":49,"column":3}},"5":{"start":{"line":41,"column":2},"end":{"line":47,"column":3}},"6":{"start":{"line":42,"column":15},"end":{"line":42,"column":44}},"7":{"start":{"line":43,"column":4},"end":{"line":43,"column":19}},"8":{"start":{"line":46,"column":4},"end":{"line":46,"column":12}},"9":{"start":{"line":75,"column":0},"end":{"line":85,"column":3}},"10":{"start":{"line":78,"column":2},"end":{"line":84,"column":3}},"11":{"start":{"line":79,"column":17},"end":{"line":79,"column":25}},"12":{"start":{"line":80,"column":25},"end":{"line":80,"column":102}},"13":{"start":{"line":81,"column":4},"end":{"line":81,"column":27}},"14":{"start":{"line":83,"column":4},"end":{"line":83,"column":16}},"15":{"start":{"line":89,"column":0},"end":{"line":89,"column":24}}},"fnMap":{"0":{"name":"(anonymous_0)","decl":{"start":{"line":40,"column":16},"end":{"line":40,"column":17}},"loc":{"start":{"line":40,"column":40},"end":{"line":49,"column":1}},"line":40},"1":{"name":"(anonymous_1)","decl":{"start":{"line":77,"column":2},"end":{"line":77,"column":3}},"loc":{"start":{"line":77,"column":28},"end":{"line":85,"column":1}},"line":77}},"branchMap":{},"s":{"0":1,"1":1,"2":1,"3":1,"4":1,"5":0,"6":0,"7":0,"8":0,"9":1,"10":0,"11":0,"12":0,"13":0,"14":0,"15":1},"f":{"0":0,"1":0},"b":{},"_coverageSchema":"1a1c01bbd47fc00a2c39e90264f33305004495a9","hash":"e03ff77700f080736546e8abcfdad144a04bb207"}
,"D:\\cursos\\practicas\\MDP\\practica-fu\\FUturo-mvp-backend\\routes\\contract.router.js": {"path":"D:\\cursos\\practicas\\MDP\\practica-fu\\FUturo-mvp-backend\\routes\\contract.router.js","statementMap":{"0":{"start":{"line":1,"column":16},"end":{"line":1,"column":34}},"1":{"start":{"line":2,"column":24},"end":{"line":2,"column":63}},"2":{"start":{"line":4,"column":15},"end":{"line":4,"column":31}},"3":{"start":{"line":5,"column":24},"end":{"line":5,"column":45}},"4":{"start":{"line":7,"column":0},"end":{"line":17,"column":3}},"5":{"start":{"line":8,"column":2},"end":{"line":15,"column":3}},"6":{"start":{"line":9,"column":25},"end":{"line":9,"column":35}},"7":{"start":{"line":10,"column":15},"end":{"line":10,"column":73}},"8":{"start":{"line":11,"column":4},"end":{"line":11,"column":19}},"9":{"start":{"line":14,"column":4},"end":{"line":14,"column":12}},"10":{"start":{"line":19,"column":0},"end":{"line":19,"column":24}}},"fnMap":{"0":{"name":"(anonymous_0)","decl":{"start":{"line":7,"column":51},"end":{"line":7,"column":52}},"loc":{"start":{"line":7,"column":75},"end":{"line":17,"column":1}},"line":7}},"branchMap":{},"s":{"0":1,"1":1,"2":1,"3":1,"4":1,"5":0,"6":0,"7":0,"8":0,"9":0,"10":1},"f":{"0":0},"b":{},"_coverageSchema":"1a1c01bbd47fc00a2c39e90264f33305004495a9","hash":"22574d9f455cc6c0b7c34acfc87ceb50cc40b5a9"}
,"D:\\cursos\\practicas\\MDP\\practica-fu\\FUturo-mvp-backend\\routes\\contractSolicitude.router.js": {"path":"D:\\cursos\\practicas\\MDP\\practica-fu\\FUturo-mvp-backend\\routes\\contractSolicitude.router.js","statementMap":{"0":{"start":{"line":1,"column":16},"end":{"line":1,"column":34}},"1":{"start":{"line":2,"column":34},"end":{"line":2,"column":83}},"2":{"start":{"line":3,"column":24},"end":{"line":3,"column":63}},"3":{"start":{"line":4,"column":26},"end":{"line":4,"column":67}},"4":{"start":{"line":9,"column":15},"end":{"line":9,"column":31}},"5":{"start":{"line":10,"column":24},"end":{"line":10,"column":45}},"6":{"start":{"line":11,"column":34},"end":{"line":11,"column":65}},"7":{"start":{"line":12,"column":26},"end":{"line":12,"column":49}},"8":{"start":{"line":16,"column":0},"end":{"line":52,"column":3}},"9":{"start":{"line":17,"column":2},"end":{"line":50,"column":3}},"10":{"start":{"line":19,"column":46},"end":{"line":19,"column":54}},"11":{"start":{"line":22,"column":17},"end":{"line":22,"column":73}},"12":{"start":{"line":23,"column":19},"end":{"line":23,"column":42}},"13":{"start":{"line":24,"column":27},"end":{"line":24,"column":86}},"14":{"start":{"line":25,"column":28},"end":{"line":25,"column":101}},"15":{"start":{"line":26,"column":4},"end":{"line":46,"column":5}},"16":{"start":{"line":27,"column":6},"end":{"line":42,"column":7}},"17":{"start":{"line":28,"column":8},"end":{"line":37,"column":7}},"18":{"start":{"line":29,"column":10},"end":{"line":29,"column":78}},"19":{"start":{"line":31,"column":11},"end":{"line":32,"column":84}},"20":{"start":{"line":35,"column":8},"end":{"line":36,"column":72}},"21":{"start":{"line":40,"column":6},"end":{"line":41,"column":100}},"22":{"start":{"line":44,"column":4},"end":{"line":45,"column":94}},"23":{"start":{"line":49,"column":4},"end":{"line":49,"column":12}},"24":{"start":{"line":54,"column":0},"end":{"line":63,"column":3}},"25":{"start":{"line":55,"column":2},"end":{"line":61,"column":3}},"26":{"start":{"line":56,"column":15},"end":{"line":56,"column":23}},"27":{"start":{"line":57,"column":15},"end":{"line":57,"column":59}},"28":{"start":{"line":58,"column":4},"end":{"line":58,"column":19}},"29":{"start":{"line":60,"column":4},"end":{"line":60,"column":12}},"30":{"start":{"line":65,"column":0},"end":{"line":75,"column":3}},"31":{"start":{"line":66,"column":2},"end":{"line":73,"column":3}},"32":{"start":{"line":67,"column":16},"end":{"line":67,"column":26}},"33":{"start":{"line":68,"column":17},"end":{"line":68,"column":61}},"34":{"start":{"line":69,"column":4},"end":{"line":69,"column":19}},"35":{"start":{"line":72,"column":4},"end":{"line":72,"column":12}},"36":{"start":{"line":77,"column":0},"end":{"line":95,"column":3}},"37":{"start":{"line":78,"column":2},"end":{"line":93,"column":3}},"38":{"start":{"line":79,"column":24},"end":{"line":79,"column":42}},"39":{"start":{"line":80,"column":33},"end":{"line":80,"column":43}},"40":{"start":{"line":81,"column":17},"end":{"line":81,"column":63}},"41":{"start":{"line":82,"column":4},"end":{"line":89,"column":5}},"42":{"start":{"line":83,"column":6},"end":{"line":84,"column":71}},"43":{"start":{"line":86,"column":6},"end":{"line":86,"column":80}},"44":{"start":{"line":87,"column":6},"end":{"line":88,"column":99}},"45":{"start":{"line":92,"column":4},"end":{"line":92,"column":12}},"46":{"start":{"line":97,"column":0},"end":{"line":114,"column":3}},"47":{"start":{"line":98,"column":2},"end":{"line":112,"column":3}},"48":{"start":{"line":99,"column":16},"end":{"line":99,"column":26}},"49":{"start":{"line":100,"column":17},"end":{"line":100,"column":63}},"50":{"start":{"line":101,"column":4},"end":{"line":108,"column":5}},"51":{"start":{"line":102,"column":6},"end":{"line":103,"column":71}},"52":{"start":{"line":105,"column":6},"end":{"line":105,"column":53}},"53":{"start":{"line":106,"column":6},"end":{"line":107,"column":72}},"54":{"start":{"line":111,"column":4},"end":{"line":111,"column":12}},"55":{"start":{"line":116,"column":0},"end":{"line":133,"column":3}},"56":{"start":{"line":117,"column":2},"end":{"line":131,"column":3}},"57":{"start":{"line":118,"column":16},"end":{"line":118,"column":26}},"58":{"start":{"line":119,"column":17},"end":{"line":119,"column":63}},"59":{"start":{"line":120,"column":4},"end":{"line":127,"column":5}},"60":{"start":{"line":121,"column":6},"end":{"line":122,"column":71}},"61":{"start":{"line":124,"column":6},"end":{"line":124,"column":59}},"62":{"start":{"line":125,"column":6},"end":{"line":126,"column":72}},"63":{"start":{"line":130,"column":4},"end":{"line":130,"column":12}},"64":{"start":{"line":135,"column":0},"end":{"line":152,"column":3}},"65":{"start":{"line":136,"column":2},"end":{"line":150,"column":3}},"66":{"start":{"line":137,"column":16},"end":{"line":137,"column":26}},"67":{"start":{"line":138,"column":17},"end":{"line":138,"column":63}},"68":{"start":{"line":139,"column":4},"end":{"line":146,"column":5}},"69":{"start":{"line":140,"column":6},"end":{"line":141,"column":71}},"70":{"start":{"line":143,"column":6},"end":{"line":143,"column":53}},"71":{"start":{"line":144,"column":6},"end":{"line":145,"column":83}},"72":{"start":{"line":149,"column":4},"end":{"line":149,"column":12}},"73":{"start":{"line":154,"column":0},"end":{"line":164,"column":3}},"74":{"start":{"line":155,"column":2},"end":{"line":162,"column":3}},"75":{"start":{"line":156,"column":16},"end":{"line":156,"column":26}},"76":{"start":{"line":157,"column":15},"end":{"line":157,"column":75}},"77":{"start":{"line":158,"column":4},"end":{"line":158,"column":19}},"78":{"start":{"line":161,"column":4},"end":{"line":161,"column":12}},"79":{"start":{"line":166,"column":0},"end":{"line":166,"column":24}}},"fnMap":{"0":{"name":"(anonymous_0)","decl":{"start":{"line":16,"column":29},"end":{"line":16,"column":30}},"loc":{"start":{"line":16,"column":53},"end":{"line":52,"column":1}},"line":16},"1":{"name":"(anonymous_1)","decl":{"start":{"line":54,"column":16},"end":{"line":54,"column":17}},"loc":{"start":{"line":54,"column":40},"end":{"line":63,"column":1}},"line":54},"2":{"name":"(anonymous_2)","decl":{"start":{"line":65,"column":19},"end":{"line":65,"column":20}},"loc":{"start":{"line":65,"column":43},"end":{"line":75,"column":1}},"line":65},"3":{"name":"(anonymous_3)","decl":{"start":{"line":77,"column":45},"end":{"line":77,"column":46}},"loc":{"start":{"line":77,"column":69},"end":{"line":95,"column":1}},"line":77},"4":{"name":"(anonymous_4)","decl":{"start":{"line":97,"column":29},"end":{"line":97,"column":30}},"loc":{"start":{"line":97,"column":53},"end":{"line":114,"column":1}},"line":97},"5":{"name":"(anonymous_5)","decl":{"start":{"line":116,"column":26},"end":{"line":116,"column":27}},"loc":{"start":{"line":116,"column":50},"end":{"line":133,"column":1}},"line":116},"6":{"name":"(anonymous_6)","decl":{"start":{"line":135,"column":29},"end":{"line":135,"column":30}},"loc":{"start":{"line":135,"column":53},"end":{"line":152,"column":1}},"line":135},"7":{"name":"(anonymous_7)","decl":{"start":{"line":154,"column":25},"end":{"line":154,"column":26}},"loc":{"start":{"line":154,"column":49},"end":{"line":164,"column":1}},"line":154}},"branchMap":{"0":{"loc":{"start":{"line":26,"column":4},"end":{"line":46,"column":5}},"type":"if","locations":[{"start":{"line":26,"column":4},"end":{"line":46,"column":5}},{"start":{"line":43,"column":9},"end":{"line":46,"column":5}}],"line":26},"1":{"loc":{"start":{"line":27,"column":6},"end":{"line":42,"column":7}},"type":"if","locations":[{"start":{"line":27,"column":6},"end":{"line":42,"column":7}},{"start":{"line":39,"column":10},"end":{"line":42,"column":7}}],"line":27},"2":{"loc":{"start":{"line":28,"column":8},"end":{"line":37,"column":7}},"type":"if","locations":[{"start":{"line":28,"column":8},"end":{"line":37,"column":7}},{"start":{"line":34,"column":10},"end":{"line":37,"column":7}}],"line":28},"3":{"loc":{"start":{"line":82,"column":4},"end":{"line":89,"column":5}},"type":"if","locations":[{"start":{"line":82,"column":4},"end":{"line":89,"column":5}},{"start":{"line":85,"column":9},"end":{"line":89,"column":5}}],"line":82},"4":{"loc":{"start":{"line":82,"column":7},"end":{"line":82,"column":48}},"type":"binary-expr","locations":[{"start":{"line":82,"column":7},"end":{"line":82,"column":26}},{"start":{"line":82,"column":28},"end":{"line":82,"column":48}}],"line":82},"5":{"loc":{"start":{"line":101,"column":4},"end":{"line":108,"column":5}},"type":"if","locations":[{"start":{"line":101,"column":4},"end":{"line":108,"column":5}},{"start":{"line":104,"column":9},"end":{"line":108,"column":5}}],"line":101},"6":{"loc":{"start":{"line":101,"column":7},"end":{"line":101,"column":48}},"type":"binary-expr","locations":[{"start":{"line":101,"column":7},"end":{"line":101,"column":26}},{"start":{"line":101,"column":28},"end":{"line":101,"column":48}}],"line":101},"7":{"loc":{"start":{"line":120,"column":4},"end":{"line":127,"column":5}},"type":"if","locations":[{"start":{"line":120,"column":4},"end":{"line":127,"column":5}},{"start":{"line":123,"column":9},"end":{"line":127,"column":5}}],"line":120},"8":{"loc":{"start":{"line":120,"column":7},"end":{"line":120,"column":48}},"type":"binary-expr","locations":[{"start":{"line":120,"column":7},"end":{"line":120,"column":26}},{"start":{"line":120,"column":28},"end":{"line":120,"column":48}}],"line":120},"9":{"loc":{"start":{"line":139,"column":4},"end":{"line":146,"column":5}},"type":"if","locations":[{"start":{"line":139,"column":4},"end":{"line":146,"column":5}},{"start":{"line":142,"column":9},"end":{"line":146,"column":5}}],"line":139},"10":{"loc":{"start":{"line":139,"column":7},"end":{"line":139,"column":48}},"type":"binary-expr","locations":[{"start":{"line":139,"column":7},"end":{"line":139,"column":26}},{"start":{"line":139,"column":28},"end":{"line":139,"column":48}}],"line":139}},"s":{"0":1,"1":1,"2":1,"3":1,"4":1,"5":1,"6":1,"7":1,"8":1,"9":0,"10":0,"11":0,"12":0,"13":0,"14":0,"15":0,"16":0,"17":0,"18":0,"19":0,"20":0,"21":0,"22":0,"23":0,"24":1,"25":0,"26":0,"27":0,"28":0,"29":0,"30":1,"31":0,"32":0,"33":0,"34":0,"35":0,"36":1,"37":0,"38":0,"39":0,"40":0,"41":0,"42":0,"43":0,"44":0,"45":0,"46":1,"47":0,"48":0,"49":0,"50":0,"51":0,"52":0,"53":0,"54":0,"55":1,"56":0,"57":0,"58":0,"59":0,"60":0,"61":0,"62":0,"63":0,"64":1,"65":0,"66":0,"67":0,"68":0,"69":0,"70":0,"71":0,"72":0,"73":1,"74":0,"75":0,"76":0,"77":0,"78":0,"79":1},"f":{"0":0,"1":0,"2":0,"3":0,"4":0,"5":0,"6":0,"7":0},"b":{"0":[0,0],"1":[0,0],"2":[0,0],"3":[0,0],"4":[0,0],"5":[0,0],"6":[0,0],"7":[0,0],"8":[0,0],"9":[0,0],"10":[0,0]},"_coverageSchema":"1a1c01bbd47fc00a2c39e90264f33305004495a9","hash":"0de756cbd6c10b52b019e6db30d8e63705068074"}
,"D:\\cursos\\practicas\\MDP\\practica-fu\\FUturo-mvp-backend\\routes\\eps.router.js": {"path":"D:\\cursos\\practicas\\MDP\\practica-fu\\FUturo-mvp-backend\\routes\\eps.router.js","statementMap":{"0":{"start":{"line":1,"column":16},"end":{"line":1,"column":34}},"1":{"start":{"line":2,"column":19},"end":{"line":2,"column":53}},"2":{"start":{"line":4,"column":15},"end":{"line":4,"column":31}},"3":{"start":{"line":5,"column":19},"end":{"line":5,"column":35}},"4":{"start":{"line":7,"column":0},"end":{"line":16,"column":3}},"5":{"start":{"line":8,"column":2},"end":{"line":14,"column":3}},"6":{"start":{"line":9,"column":15},"end":{"line":9,"column":41}},"7":{"start":{"line":10,"column":4},"end":{"line":10,"column":19}},"8":{"start":{"line":13,"column":4},"end":{"line":13,"column":12}},"9":{"start":{"line":18,"column":0},"end":{"line":18,"column":24}}},"fnMap":{"0":{"name":"(anonymous_0)","decl":{"start":{"line":7,"column":15},"end":{"line":7,"column":16}},"loc":{"start":{"line":7,"column":39},"end":{"line":16,"column":1}},"line":7}},"branchMap":{},"s":{"0":1,"1":1,"2":1,"3":1,"4":1,"5":0,"6":0,"7":0,"8":0,"9":1},"f":{"0":0},"b":{},"_coverageSchema":"1a1c01bbd47fc00a2c39e90264f33305004495a9","hash":"0ae55c84d098863ec4113dcf3bf3217f8e2f92d3"}
,"D:\\cursos\\practicas\\MDP\\practica-fu\\FUturo-mvp-backend\\routes\\index.js": {"path":"D:\\cursos\\practicas\\MDP\\practica-fu\\FUturo-mvp-backend\\routes\\index.js","statementMap":{"0":{"start":{"line":1,"column":17},"end":{"line":1,"column":36}},"1":{"start":{"line":3,"column":24},"end":{"line":3,"column":53}},"2":{"start":{"line":4,"column":22},"end":{"line":4,"column":49}},"3":{"start":{"line":5,"column":26},"end":{"line":5,"column":58}},"4":{"start":{"line":6,"column":21},"end":{"line":6,"column":47}},"5":{"start":{"line":7,"column":30},"end":{"line":7,"column":66}},"6":{"start":{"line":8,"column":26},"end":{"line":8,"column":58}},"7":{"start":{"line":9,"column":28},"end":{"line":9,"column":62}},"8":{"start":{"line":10,"column":21},"end":{"line":10,"column":47}},"9":{"start":{"line":11,"column":27},"end":{"line":11,"column":59}},"10":{"start":{"line":12,"column":25},"end":{"line":12,"column":55}},"11":{"start":{"line":13,"column":23},"end":{"line":13,"column":51}},"12":{"start":{"line":14,"column":33},"end":{"line":14,"column":71}},"13":{"start":{"line":15,"column":18},"end":{"line":15,"column":41}},"14":{"start":{"line":16,"column":28},"end":{"line":16,"column":61}},"15":{"start":{"line":17,"column":26},"end":{"line":17,"column":57}},"16":{"start":{"line":18,"column":20},"end":{"line":18,"column":44}},"17":{"start":{"line":19,"column":24},"end":{"line":19,"column":53}},"18":{"start":{"line":20,"column":25},"end":{"line":20,"column":55}},"19":{"start":{"line":23,"column":16},"end":{"line":23,"column":34}},"20":{"start":{"line":27,"column":17},"end":{"line":27,"column":33}},"21":{"start":{"line":28,"column":2},"end":{"line":28,"column":29}},"22":{"start":{"line":29,"column":2},"end":{"line":29,"column":92}},"23":{"start":{"line":30,"column":2},"end":{"line":30,"column":89}},"24":{"start":{"line":31,"column":2},"end":{"line":31,"column":97}},"25":{"start":{"line":32,"column":2},"end":{"line":32,"column":87}},"26":{"start":{"line":33,"column":2},"end":{"line":33,"column":104}},"27":{"start":{"line":34,"column":2},"end":{"line":34,"column":97}},"28":{"start":{"line":35,"column":2},"end":{"line":35,"column":101}},"29":{"start":{"line":36,"column":2},"end":{"line":36,"column":86}},"30":{"start":{"line":37,"column":2},"end":{"line":37,"column":98}},"31":{"start":{"line":38,"column":2},"end":{"line":38,"column":94}},"32":{"start":{"line":39,"column":2},"end":{"line":39,"column":90}},"33":{"start":{"line":40,"column":2},"end":{"line":40,"column":110}},"34":{"start":{"line":41,"column":2},"end":{"line":41,"column":80}},"35":{"start":{"line":42,"column":2},"end":{"line":42,"column":100}},"36":{"start":{"line":43,"column":2},"end":{"line":43,"column":96}},"37":{"start":{"line":44,"column":2},"end":{"line":44,"column":34}},"38":{"start":{"line":45,"column":2},"end":{"line":45,"column":44}},"39":{"start":{"line":46,"column":2},"end":{"line":46,"column":46}},"40":{"start":{"line":49,"column":0},"end":{"line":49,"column":27}}},"fnMap":{"0":{"name":"routerApi","decl":{"start":{"line":26,"column":9},"end":{"line":26,"column":18}},"loc":{"start":{"line":26,"column":24},"end":{"line":47,"column":1}},"line":26}},"branchMap":{},"s":{"0":1,"1":1,"2":1,"3":1,"4":1,"5":1,"6":1,"7":1,"8":1,"9":1,"10":1,"11":1,"12":1,"13":1,"14":1,"15":1,"16":1,"17":1,"18":1,"19":1,"20":1,"21":1,"22":1,"23":1,"24":1,"25":1,"26":1,"27":1,"28":1,"29":1,"30":1,"31":1,"32":1,"33":1,"34":1,"35":1,"36":1,"37":1,"38":1,"39":1,"40":1},"f":{"0":1},"b":{},"_coverageSchema":"1a1c01bbd47fc00a2c39e90264f33305004495a9","hash":"a0fdeefda3e6522f9c6f73daa1cb88fa0a003c90"}
,"D:\\cursos\\practicas\\MDP\\practica-fu\\FUturo-mvp-backend\\routes\\parameter.router.js": {"path":"D:\\cursos\\practicas\\MDP\\practica-fu\\FUturo-mvp-backend\\routes\\parameter.router.js","statementMap":{"0":{"start":{"line":1,"column":16},"end":{"line":1,"column":34}},"1":{"start":{"line":2,"column":25},"end":{"line":2,"column":65}},"2":{"start":{"line":4,"column":15},"end":{"line":4,"column":31}},"3":{"start":{"line":5,"column":25},"end":{"line":5,"column":47}},"4":{"start":{"line":7,"column":0},"end":{"line":17,"column":3}},"5":{"start":{"line":8,"column":2},"end":{"line":15,"column":3}},"6":{"start":{"line":9,"column":28},"end":{"line":9,"column":38}},"7":{"start":{"line":10,"column":15},"end":{"line":10,"column":73}},"8":{"start":{"line":11,"column":4},"end":{"line":11,"column":19}},"9":{"start":{"line":14,"column":4},"end":{"line":14,"column":12}},"10":{"start":{"line":19,"column":0},"end":{"line":19,"column":24}}},"fnMap":{"0":{"name":"(anonymous_0)","decl":{"start":{"line":7,"column":31},"end":{"line":7,"column":32}},"loc":{"start":{"line":7,"column":55},"end":{"line":17,"column":1}},"line":7}},"branchMap":{},"s":{"0":1,"1":1,"2":1,"3":1,"4":1,"5":0,"6":0,"7":0,"8":0,"9":0,"10":1},"f":{"0":0},"b":{},"_coverageSchema":"1a1c01bbd47fc00a2c39e90264f33305004495a9","hash":"18de1efb3513c64c2865085cecdbac3f821b2c56"}
,"D:\\cursos\\practicas\\MDP\\practica-fu\\FUturo-mvp-backend\\routes\\payment-method.router.js": {"path":"D:\\cursos\\practicas\\MDP\\practica-fu\\FUturo-mvp-backend\\routes\\payment-method.router.js","statementMap":{"0":{"start":{"line":1,"column":16},"end":{"line":1,"column":34}},"1":{"start":{"line":2,"column":29},"end":{"line":2,"column":76}},"2":{"start":{"line":4,"column":15},"end":{"line":4,"column":31}},"3":{"start":{"line":5,"column":29},"end":{"line":5,"column":55}},"4":{"start":{"line":47,"column":0},"end":{"line":55,"column":3}},"5":{"start":{"line":48,"column":2},"end":{"line":54,"column":3}},"6":{"start":{"line":49,"column":32},"end":{"line":49,"column":42}},"7":{"start":{"line":50,"column":27},"end":{"line":50,"column":92}},"8":{"start":{"line":51,"column":4},"end":{"line":51,"column":29}},"9":{"start":{"line":53,"column":4},"end":{"line":53,"column":16}},"10":{"start":{"line":57,"column":0},"end":{"line":57,"column":24}}},"fnMap":{"0":{"name":"(anonymous_0)","decl":{"start":{"line":47,"column":32},"end":{"line":47,"column":33}},"loc":{"start":{"line":47,"column":58},"end":{"line":55,"column":1}},"line":47}},"branchMap":{},"s":{"0":1,"1":1,"2":1,"3":1,"4":1,"5":0,"6":0,"7":0,"8":0,"9":0,"10":1},"f":{"0":0},"b":{},"_coverageSchema":"1a1c01bbd47fc00a2c39e90264f33305004495a9","hash":"784e40a98a26f1a2cbbf8cef54eb7e82389bbbd5"}
,"D:\\cursos\\practicas\\MDP\\practica-fu\\FUturo-mvp-backend\\routes\\payment-services.router.js": {"path":"D:\\cursos\\practicas\\MDP\\practica-fu\\FUturo-mvp-backend\\routes\\payment-services.router.js","statementMap":{"0":{"start":{"line":1,"column":16},"end":{"line":1,"column":34}},"1":{"start":{"line":2,"column":31},"end":{"line":2,"column":80}},"2":{"start":{"line":4,"column":15},"end":{"line":4,"column":31}},"3":{"start":{"line":5,"column":23},"end":{"line":5,"column":51}},"4":{"start":{"line":64,"column":1},"end":{"line":71,"column":3}},"5":{"start":{"line":65,"column":2},"end":{"line":70,"column":3}},"6":{"start":{"line":66,"column":17},"end":{"line":66,"column":25}},"7":{"start":{"line":67,"column":4},"end":{"line":67,"column":60}},"8":{"start":{"line":69,"column":4},"end":{"line":69,"column":16}},"9":{"start":{"line":74,"column":1},"end":{"line":82,"column":3}},"10":{"start":{"line":75,"column":2},"end":{"line":81,"column":3}},"11":{"start":{"line":76,"column":23},"end":{"line":76,"column":44}},"12":{"start":{"line":77,"column":20},"end":{"line":77,"column":58}},"13":{"start":{"line":78,"column":4},"end":{"line":78,"column":24}},"14":{"start":{"line":80,"column":4},"end":{"line":80,"column":12}},"15":{"start":{"line":86,"column":0},"end":{"line":99,"column":3}},"16":{"start":{"line":87,"column":2},"end":{"line":98,"column":3}},"17":{"start":{"line":88,"column":19},"end":{"line":88,"column":36}},"18":{"start":{"line":89,"column":27},"end":{"line":89,"column":58}},"19":{"start":{"line":90,"column":16},"end":{"line":90,"column":36}},"20":{"start":{"line":91,"column":16},"end":{"line":91,"column":36}},"21":{"start":{"line":92,"column":23},"end":{"line":92,"column":50}},"22":{"start":{"line":93,"column":20},"end":{"line":93,"column":44}},"23":{"start":{"line":94,"column":20},"end":{"line":94,"column":109}},"24":{"start":{"line":95,"column":4},"end":{"line":95,"column":24}},"25":{"start":{"line":97,"column":4},"end":{"line":97,"column":12}},"26":{"start":{"line":101,"column":0},"end":{"line":109,"column":3}},"27":{"start":{"line":102,"column":2},"end":{"line":108,"column":3}},"28":{"start":{"line":103,"column":19},"end":{"line":103,"column":36}},"29":{"start":{"line":104,"column":20},"end":{"line":104,"column":57}},"30":{"start":{"line":105,"column":4},"end":{"line":105,"column":24}},"31":{"start":{"line":107,"column":4},"end":{"line":107,"column":12}},"32":{"start":{"line":111,"column":0},"end":{"line":111,"column":24}}},"fnMap":{"0":{"name":"(anonymous_0)","decl":{"start":{"line":64,"column":24},"end":{"line":64,"column":25}},"loc":{"start":{"line":64,"column":50},"end":{"line":71,"column":1}},"line":64},"1":{"name":"(anonymous_1)","decl":{"start":{"line":74,"column":20},"end":{"line":74,"column":21}},"loc":{"start":{"line":74,"column":44},"end":{"line":82,"column":1}},"line":74},"2":{"name":"(anonymous_2)","decl":{"start":{"line":86,"column":22},"end":{"line":86,"column":23}},"loc":{"start":{"line":86,"column":46},"end":{"line":99,"column":1}},"line":86},"3":{"name":"(anonymous_3)","decl":{"start":{"line":101,"column":22},"end":{"line":101,"column":23}},"loc":{"start":{"line":101,"column":46},"end":{"line":109,"column":1}},"line":101}},"branchMap":{"0":{"loc":{"start":{"line":89,"column":27},"end":{"line":89,"column":58}},"type":"binary-expr","locations":[{"start":{"line":89,"column":27},"end":{"line":89,"column":52}},{"start":{"line":89,"column":54},"end":{"line":89,"column":58}}],"line":89},"1":{"loc":{"start":{"line":90,"column":16},"end":{"line":90,"column":36}},"type":"binary-expr","locations":[{"start":{"line":90,"column":16},"end":{"line":90,"column":30}},{"start":{"line":90,"column":32},"end":{"line":90,"column":36}}],"line":90},"2":{"loc":{"start":{"line":91,"column":16},"end":{"line":91,"column":36}},"type":"binary-expr","locations":[{"start":{"line":91,"column":16},"end":{"line":91,"column":30}},{"start":{"line":91,"column":32},"end":{"line":91,"column":36}}],"line":91},"3":{"loc":{"start":{"line":92,"column":23},"end":{"line":92,"column":50}},"type":"binary-expr","locations":[{"start":{"line":92,"column":23},"end":{"line":92,"column":44}},{"start":{"line":92,"column":46},"end":{"line":92,"column":50}}],"line":92},"4":{"loc":{"start":{"line":93,"column":20},"end":{"line":93,"column":44}},"type":"binary-expr","locations":[{"start":{"line":93,"column":20},"end":{"line":93,"column":38}},{"start":{"line":93,"column":40},"end":{"line":93,"column":44}}],"line":93}},"s":{"0":1,"1":1,"2":1,"3":1,"4":1,"5":0,"6":0,"7":0,"8":0,"9":1,"10":0,"11":0,"12":0,"13":0,"14":0,"15":1,"16":0,"17":0,"18":0,"19":0,"20":0,"21":0,"22":0,"23":0,"24":0,"25":0,"26":1,"27":0,"28":0,"29":0,"30":0,"31":0,"32":1},"f":{"0":0,"1":0,"2":0,"3":0},"b":{"0":[0,0],"1":[0,0],"2":[0,0],"3":[0,0],"4":[0,0]},"_coverageSchema":"1a1c01bbd47fc00a2c39e90264f33305004495a9","hash":"3328f0e505d0193e5ae9ce2b628190af75b1cdd5"}
,"D:\\cursos\\practicas\\MDP\\practica-fu\\FUturo-mvp-backend\\routes\\period.router.js": {"path":"D:\\cursos\\practicas\\MDP\\practica-fu\\FUturo-mvp-backend\\routes\\period.router.js","statementMap":{"0":{"start":{"line":1,"column":16},"end":{"line":1,"column":34}},"1":{"start":{"line":2,"column":25},"end":{"line":2,"column":68}},"2":{"start":{"line":3,"column":25},"end":{"line":3,"column":65}},"3":{"start":{"line":4,"column":51},"end":{"line":4,"column":86}},"4":{"start":{"line":5,"column":22},"end":{"line":5,"column":61}},"5":{"start":{"line":7,"column":15},"end":{"line":7,"column":31}},"6":{"start":{"line":8,"column":22},"end":{"line":8,"column":41}},"7":{"start":{"line":82,"column":0},"end":{"line":89,"column":3}},"8":{"start":{"line":83,"column":2},"end":{"line":88,"column":3}},"9":{"start":{"line":84,"column":23},"end":{"line":84,"column":58}},"10":{"start":{"line":85,"column":4},"end":{"line":85,"column":25}},"11":{"start":{"line":87,"column":4},"end":{"line":87,"column":16}},"12":{"start":{"line":116,"column":0},"end":{"line":126,"column":3}},"13":{"start":{"line":120,"column":2},"end":{"line":125,"column":3}},"14":{"start":{"line":121,"column":17},"end":{"line":121,"column":25}},"15":{"start":{"line":122,"column":4},"end":{"line":122,"column":59}},"16":{"start":{"line":124,"column":4},"end":{"line":124,"column":16}},"17":{"start":{"line":146,"column":0},"end":{"line":156,"column":3}},"18":{"start":{"line":150,"column":2},"end":{"line":155,"column":3}},"19":{"start":{"line":151,"column":17},"end":{"line":151,"column":25}},"20":{"start":{"line":152,"column":4},"end":{"line":152,"column":47}},"21":{"start":{"line":154,"column":4},"end":{"line":154,"column":16}},"22":{"start":{"line":174,"column":0},"end":{"line":182,"column":3}},"23":{"start":{"line":177,"column":2},"end":{"line":181,"column":3}},"24":{"start":{"line":178,"column":4},"end":{"line":178,"column":43}},"25":{"start":{"line":180,"column":4},"end":{"line":180,"column":16}},"26":{"start":{"line":184,"column":0},"end":{"line":184,"column":24}}},"fnMap":{"0":{"name":"(anonymous_0)","decl":{"start":{"line":82,"column":27},"end":{"line":82,"column":28}},"loc":{"start":{"line":82,"column":53},"end":{"line":89,"column":1}},"line":82},"1":{"name":"(anonymous_1)","decl":{"start":{"line":119,"column":2},"end":{"line":119,"column":3}},"loc":{"start":{"line":119,"column":28},"end":{"line":126,"column":1}},"line":119},"2":{"name":"(anonymous_2)","decl":{"start":{"line":149,"column":2},"end":{"line":149,"column":3}},"loc":{"start":{"line":149,"column":28},"end":{"line":156,"column":1}},"line":149},"3":{"name":"(anonymous_3)","decl":{"start":{"line":176,"column":2},"end":{"line":176,"column":3}},"loc":{"start":{"line":176,"column":28},"end":{"line":182,"column":1}},"line":176}},"branchMap":{},"s":{"0":1,"1":1,"2":1,"3":1,"4":1,"5":1,"6":1,"7":1,"8":0,"9":0,"10":0,"11":0,"12":1,"13":0,"14":0,"15":0,"16":0,"17":1,"18":0,"19":0,"20":0,"21":0,"22":1,"23":0,"24":0,"25":0,"26":1},"f":{"0":0,"1":0,"2":0,"3":0},"b":{},"_coverageSchema":"1a1c01bbd47fc00a2c39e90264f33305004495a9","hash":"26d609b3abb0396a748358bfc4fdb8dc3855a01a"}
,"D:\\cursos\\practicas\\MDP\\practica-fu\\FUturo-mvp-backend\\routes\\resources.router.js": {"path":"D:\\cursos\\practicas\\MDP\\practica-fu\\FUturo-mvp-backend\\routes\\resources.router.js","statementMap":{"0":{"start":{"line":1,"column":16},"end":{"line":1,"column":34}},"1":{"start":{"line":2,"column":27},"end":{"line":2,"column":69}},"2":{"start":{"line":3,"column":28},"end":{"line":3,"column":71}},"3":{"start":{"line":4,"column":25},"end":{"line":4,"column":67}},"4":{"start":{"line":6,"column":15},"end":{"line":6,"column":31}},"5":{"start":{"line":7,"column":16},"end":{"line":7,"column":38}},"6":{"start":{"line":8,"column":28},"end":{"line":8,"column":53}},"7":{"start":{"line":9,"column":27},"end":{"line":9,"column":51}},"8":{"start":{"line":12,"column":0},"end":{"line":25,"column":3}},"9":{"start":{"line":13,"column":2},"end":{"line":23,"column":3}},"10":{"start":{"line":14,"column":32},"end":{"line":14,"column":40}},"11":{"start":{"line":15,"column":21},"end":{"line":15,"column":46}},"12":{"start":{"line":16,"column":18},"end":{"line":16,"column":40}},"13":{"start":{"line":18,"column":20},"end":{"line":18,"column":107}},"14":{"start":{"line":19,"column":4},"end":{"line":19,"column":24}},"15":{"start":{"line":22,"column":4},"end":{"line":22,"column":12}},"16":{"start":{"line":28,"column":0},"end":{"line":36,"column":3}},"17":{"start":{"line":29,"column":2},"end":{"line":34,"column":3}},"18":{"start":{"line":30,"column":18},"end":{"line":30,"column":45}},"19":{"start":{"line":31,"column":4},"end":{"line":31,"column":22}},"20":{"start":{"line":33,"column":4},"end":{"line":33,"column":12}},"21":{"start":{"line":39,"column":0},"end":{"line":49,"column":3}},"22":{"start":{"line":40,"column":2},"end":{"line":46,"column":3}},"23":{"start":{"line":41,"column":17},"end":{"line":41,"column":27}},"24":{"start":{"line":42,"column":18},"end":{"line":42,"column":49}},"25":{"start":{"line":43,"column":4},"end":{"line":43,"column":22}},"26":{"start":{"line":45,"column":4},"end":{"line":45,"column":12}},"27":{"start":{"line":52,"column":0},"end":{"line":60,"column":3}},"28":{"start":{"line":53,"column":2},"end":{"line":58,"column":3}},"29":{"start":{"line":54,"column":19},"end":{"line":54,"column":47}},"30":{"start":{"line":55,"column":4},"end":{"line":55,"column":23}},"31":{"start":{"line":57,"column":4},"end":{"line":57,"column":12}},"32":{"start":{"line":63,"column":0},"end":{"line":74,"column":3}},"33":{"start":{"line":64,"column":2},"end":{"line":73,"column":3}},"34":{"start":{"line":65,"column":22},"end":{"line":65,"column":42}},"35":{"start":{"line":66,"column":18},"end":{"line":66,"column":34}},"36":{"start":{"line":67,"column":17},"end":{"line":67,"column":38}},"37":{"start":{"line":68,"column":17},"end":{"line":68,"column":38}},"38":{"start":{"line":69,"column":20},"end":{"line":69,"column":88}},"39":{"start":{"line":70,"column":4},"end":{"line":70,"column":24}},"40":{"start":{"line":72,"column":4},"end":{"line":72,"column":12}},"41":{"start":{"line":77,"column":0},"end":{"line":84,"column":3}},"42":{"start":{"line":78,"column":2},"end":{"line":83,"column":3}},"43":{"start":{"line":79,"column":20},"end":{"line":79,"column":69}},"44":{"start":{"line":80,"column":4},"end":{"line":80,"column":24}},"45":{"start":{"line":82,"column":4},"end":{"line":82,"column":12}},"46":{"start":{"line":87,"column":0},"end":{"line":95,"column":3}},"47":{"start":{"line":88,"column":2},"end":{"line":94,"column":3}},"48":{"start":{"line":89,"column":25},"end":{"line":89,"column":35}},"49":{"start":{"line":90,"column":21},"end":{"line":90,"column":64}},"50":{"start":{"line":91,"column":4},"end":{"line":91,"column":23}},"51":{"start":{"line":93,"column":4},"end":{"line":93,"column":16}},"52":{"start":{"line":98,"column":0},"end":{"line":106,"column":3}},"53":{"start":{"line":99,"column":2},"end":{"line":105,"column":3}},"54":{"start":{"line":100,"column":41},"end":{"line":100,"column":51}},"55":{"start":{"line":101,"column":21},"end":{"line":101,"column":105}},"56":{"start":{"line":102,"column":4},"end":{"line":102,"column":23}},"57":{"start":{"line":104,"column":4},"end":{"line":104,"column":16}},"58":{"start":{"line":109,"column":0},"end":{"line":117,"column":3}},"59":{"start":{"line":110,"column":2},"end":{"line":116,"column":3}},"60":{"start":{"line":111,"column":54},"end":{"line":111,"column":64}},"61":{"start":{"line":112,"column":24},"end":{"line":112,"column":120}},"62":{"start":{"line":113,"column":4},"end":{"line":113,"column":26}},"63":{"start":{"line":115,"column":4},"end":{"line":115,"column":16}},"64":{"start":{"line":120,"column":0},"end":{"line":128,"column":3}},"65":{"start":{"line":121,"column":2},"end":{"line":127,"column":3}},"66":{"start":{"line":122,"column":29},"end":{"line":122,"column":39}},"67":{"start":{"line":123,"column":19},"end":{"line":123,"column":72}},"68":{"start":{"line":124,"column":4},"end":{"line":124,"column":23}},"69":{"start":{"line":126,"column":4},"end":{"line":126,"column":12}},"70":{"start":{"line":131,"column":0},"end":{"line":141,"column":3}},"71":{"start":{"line":132,"column":2},"end":{"line":140,"column":3}},"72":{"start":{"line":133,"column":22},"end":{"line":133,"column":32}},"73":{"start":{"line":134,"column":15},"end":{"line":134,"column":37}},"74":{"start":{"line":135,"column":17},"end":{"line":135,"column":45}},"75":{"start":{"line":136,"column":19},"end":{"line":136,"column":99}},"76":{"start":{"line":137,"column":4},"end":{"line":137,"column":23}},"77":{"start":{"line":139,"column":4},"end":{"line":139,"column":12}},"78":{"start":{"line":145,"column":0},"end":{"line":145,"column":24}}},"fnMap":{"0":{"name":"(anonymous_0)","decl":{"start":{"line":12,"column":28},"end":{"line":12,"column":29}},"loc":{"start":{"line":12,"column":52},"end":{"line":25,"column":1}},"line":12},"1":{"name":"(anonymous_1)","decl":{"start":{"line":28,"column":22},"end":{"line":28,"column":23}},"loc":{"start":{"line":28,"column":46},"end":{"line":36,"column":1}},"line":28},"2":{"name":"(anonymous_2)","decl":{"start":{"line":39,"column":28},"end":{"line":39,"column":29}},"loc":{"start":{"line":39,"column":52},"end":{"line":49,"column":1}},"line":39},"3":{"name":"(anonymous_3)","decl":{"start":{"line":52,"column":23},"end":{"line":52,"column":24}},"loc":{"start":{"line":52,"column":47},"end":{"line":60,"column":1}},"line":52},"4":{"name":"(anonymous_4)","decl":{"start":{"line":63,"column":29},"end":{"line":63,"column":30}},"loc":{"start":{"line":63,"column":53},"end":{"line":74,"column":1}},"line":63},"5":{"name":"(anonymous_5)","decl":{"start":{"line":77,"column":35},"end":{"line":77,"column":36}},"loc":{"start":{"line":77,"column":59},"end":{"line":84,"column":1}},"line":77},"6":{"name":"(anonymous_6)","decl":{"start":{"line":87,"column":39},"end":{"line":87,"column":40}},"loc":{"start":{"line":87,"column":65},"end":{"line":95,"column":1}},"line":87},"7":{"name":"(anonymous_7)","decl":{"start":{"line":98,"column":50},"end":{"line":98,"column":51}},"loc":{"start":{"line":98,"column":76},"end":{"line":106,"column":1}},"line":98},"8":{"name":"(anonymous_8)","decl":{"start":{"line":109,"column":67},"end":{"line":109,"column":68}},"loc":{"start":{"line":109,"column":93},"end":{"line":117,"column":1}},"line":109},"9":{"name":"(anonymous_9)","decl":{"start":{"line":120,"column":47},"end":{"line":120,"column":48}},"loc":{"start":{"line":120,"column":71},"end":{"line":128,"column":1}},"line":120},"10":{"name":"(anonymous_10)","decl":{"start":{"line":131,"column":47},"end":{"line":131,"column":48}},"loc":{"start":{"line":131,"column":71},"end":{"line":141,"column":1}},"line":131}},"branchMap":{"0":{"loc":{"start":{"line":15,"column":21},"end":{"line":15,"column":46}},"type":"binary-expr","locations":[{"start":{"line":15,"column":21},"end":{"line":15,"column":40}},{"start":{"line":15,"column":42},"end":{"line":15,"column":46}}],"line":15},"1":{"loc":{"start":{"line":16,"column":18},"end":{"line":16,"column":40}},"type":"binary-expr","locations":[{"start":{"line":16,"column":18},"end":{"line":16,"column":34}},{"start":{"line":16,"column":36},"end":{"line":16,"column":40}}],"line":16},"2":{"loc":{"start":{"line":67,"column":17},"end":{"line":67,"column":38}},"type":"binary-expr","locations":[{"start":{"line":67,"column":17},"end":{"line":67,"column":32}},{"start":{"line":67,"column":34},"end":{"line":67,"column":38}}],"line":67},"3":{"loc":{"start":{"line":68,"column":17},"end":{"line":68,"column":38}},"type":"binary-expr","locations":[{"start":{"line":68,"column":17},"end":{"line":68,"column":32}},{"start":{"line":68,"column":34},"end":{"line":68,"column":38}}],"line":68},"4":{"loc":{"start":{"line":134,"column":15},"end":{"line":134,"column":37}},"type":"binary-expr","locations":[{"start":{"line":134,"column":15},"end":{"line":134,"column":31}},{"start":{"line":134,"column":33},"end":{"line":134,"column":37}}],"line":134},"5":{"loc":{"start":{"line":135,"column":17},"end":{"line":135,"column":45}},"type":"binary-expr","locations":[{"start":{"line":135,"column":17},"end":{"line":135,"column":39}},{"start":{"line":135,"column":41},"end":{"line":135,"column":45}}],"line":135}},"s":{"0":1,"1":1,"2":1,"3":1,"4":1,"5":1,"6":1,"7":1,"8":1,"9":0,"10":0,"11":0,"12":0,"13":0,"14":0,"15":0,"16":1,"17":0,"18":0,"19":0,"20":0,"21":1,"22":0,"23":0,"24":0,"25":0,"26":0,"27":1,"28":0,"29":0,"30":0,"31":0,"32":1,"33":0,"34":0,"35":0,"36":0,"37":0,"38":0,"39":0,"40":0,"41":1,"42":0,"43":0,"44":0,"45":0,"46":1,"47":1,"48":1,"49":1,"50":1,"51":0,"52":1,"53":0,"54":0,"55":0,"56":0,"57":0,"58":1,"59":0,"60":0,"61":0,"62":0,"63":0,"64":1,"65":0,"66":0,"67":0,"68":0,"69":0,"70":1,"71":0,"72":0,"73":0,"74":0,"75":0,"76":0,"77":0,"78":1},"f":{"0":0,"1":0,"2":0,"3":0,"4":0,"5":0,"6":1,"7":0,"8":0,"9":0,"10":0},"b":{"0":[0,0],"1":[0,0],"2":[0,0],"3":[0,0],"4":[0,0],"5":[0,0]},"_coverageSchema":"1a1c01bbd47fc00a2c39e90264f33305004495a9","hash":"14d17e5ae623438bab01cd9fd6cbb440595dddfe"}
,"D:\\cursos\\practicas\\MDP\\practica-fu\\FUturo-mvp-backend\\routes\\salaryBand.router.js": {"path":"D:\\cursos\\practicas\\MDP\\practica-fu\\FUturo-mvp-backend\\routes\\salaryBand.router.js","statementMap":{"0":{"start":{"line":1,"column":16},"end":{"line":1,"column":34}},"1":{"start":{"line":2,"column":26},"end":{"line":2,"column":67}},"2":{"start":{"line":4,"column":15},"end":{"line":4,"column":31}},"3":{"start":{"line":5,"column":26},"end":{"line":5,"column":49}},"4":{"start":{"line":7,"column":0},"end":{"line":22,"column":3}},"5":{"start":{"line":8,"column":2},"end":{"line":20,"column":3}},"6":{"start":{"line":9,"column":29},"end":{"line":9,"column":39}},"7":{"start":{"line":10,"column":15},"end":{"line":10,"column":71}},"8":{"start":{"line":11,"column":4},"end":{"line":16,"column":5}},"9":{"start":{"line":12,"column":6},"end":{"line":13,"column":71}},"10":{"start":{"line":15,"column":4},"end":{"line":15,"column":19}},"11":{"start":{"line":19,"column":4},"end":{"line":19,"column":12}},"12":{"start":{"line":24,"column":0},"end":{"line":24,"column":24}}},"fnMap":{"0":{"name":"(anonymous_0)","decl":{"start":{"line":7,"column":33},"end":{"line":7,"column":34}},"loc":{"start":{"line":7,"column":57},"end":{"line":22,"column":1}},"line":7}},"branchMap":{"0":{"loc":{"start":{"line":11,"column":4},"end":{"line":16,"column":5}},"type":"if","locations":[{"start":{"line":11,"column":4},"end":{"line":16,"column":5}},{"start":{"line":14,"column":9},"end":{"line":16,"column":5}}],"line":11}},"s":{"0":1,"1":1,"2":1,"3":1,"4":1,"5":0,"6":0,"7":0,"8":0,"9":0,"10":0,"11":0,"12":1},"f":{"0":0},"b":{"0":[0,0]},"_coverageSchema":"1a1c01bbd47fc00a2c39e90264f33305004495a9","hash":"39d10f4be86387bc8da67f58f6b71a37948a98d2"}
,"D:\\cursos\\practicas\\MDP\\practica-fu\\FUturo-mvp-backend\\routes\\service-line.router.js": {"path":"D:\\cursos\\practicas\\MDP\\practica-fu\\FUturo-mvp-backend\\routes\\service-line.router.js","statementMap":{"0":{"start":{"line":1,"column":16},"end":{"line":1,"column":34}},"1":{"start":{"line":2,"column":27},"end":{"line":2,"column":72}},"2":{"start":{"line":4,"column":15},"end":{"line":4,"column":31}},"3":{"start":{"line":5,"column":20},"end":{"line":5,"column":44}},"4":{"start":{"line":45,"column":0},"end":{"line":52,"column":3}},"5":{"start":{"line":46,"column":2},"end":{"line":51,"column":3}},"6":{"start":{"line":47,"column":25},"end":{"line":47,"column":51}},"7":{"start":{"line":48,"column":4},"end":{"line":48,"column":27}},"8":{"start":{"line":50,"column":4},"end":{"line":50,"column":16}},"9":{"start":{"line":54,"column":0},"end":{"line":54,"column":24}}},"fnMap":{"0":{"name":"(anonymous_0)","decl":{"start":{"line":45,"column":19},"end":{"line":45,"column":20}},"loc":{"start":{"line":45,"column":45},"end":{"line":52,"column":1}},"line":45}},"branchMap":{},"s":{"0":1,"1":1,"2":1,"3":1,"4":1,"5":0,"6":0,"7":0,"8":0,"9":1},"f":{"0":0},"b":{},"_coverageSchema":"1a1c01bbd47fc00a2c39e90264f33305004495a9","hash":"2602556a17feea086a20e18aeb0d40835fb0ffb0"}
,"D:\\cursos\\practicas\\MDP\\practica-fu\\FUturo-mvp-backend\\routes\\service-type.router.js": {"path":"D:\\cursos\\practicas\\MDP\\practica-fu\\FUturo-mvp-backend\\routes\\service-type.router.js","statementMap":{"0":{"start":{"line":1,"column":16},"end":{"line":1,"column":34}},"1":{"start":{"line":2,"column":27},"end":{"line":2,"column":72}},"2":{"start":{"line":4,"column":15},"end":{"line":4,"column":31}},"3":{"start":{"line":5,"column":28},"end":{"line":5,"column":52}},"4":{"start":{"line":52,"column":0},"end":{"line":60,"column":3}},"5":{"start":{"line":53,"column":2},"end":{"line":59,"column":3}},"6":{"start":{"line":54,"column":33},"end":{"line":54,"column":43}},"7":{"start":{"line":55,"column":25},"end":{"line":55,"column":91}},"8":{"start":{"line":56,"column":4},"end":{"line":56,"column":27}},"9":{"start":{"line":58,"column":4},"end":{"line":58,"column":16}},"10":{"start":{"line":62,"column":0},"end":{"line":62,"column":24}}},"fnMap":{"0":{"name":"(anonymous_0)","decl":{"start":{"line":52,"column":46},"end":{"line":52,"column":47}},"loc":{"start":{"line":52,"column":72},"end":{"line":60,"column":1}},"line":52}},"branchMap":{},"s":{"0":1,"1":1,"2":1,"3":1,"4":1,"5":0,"6":0,"7":0,"8":0,"9":0,"10":1},"f":{"0":0},"b":{},"_coverageSchema":"1a1c01bbd47fc00a2c39e90264f33305004495a9","hash":"35ac089d58d486bbddf3a6fe4512d68bf922dd8e"}
,"D:\\cursos\\practicas\\MDP\\practica-fu\\FUturo-mvp-backend\\routes\\service.router.js": {"path":"D:\\cursos\\practicas\\MDP\\practica-fu\\FUturo-mvp-backend\\routes\\service.router.js","statementMap":{"0":{"start":{"line":1,"column":16},"end":{"line":1,"column":34}},"1":{"start":{"line":2,"column":24},"end":{"line":2,"column":65}},"2":{"start":{"line":3,"column":25},"end":{"line":3,"column":70}},"3":{"start":{"line":4,"column":25},"end":{"line":4,"column":65}},"4":{"start":{"line":5,"column":71},"end":{"line":5,"column":109}},"5":{"start":{"line":8,"column":15},"end":{"line":8,"column":31}},"6":{"start":{"line":9,"column":16},"end":{"line":9,"column":37}},"7":{"start":{"line":215,"column":0},"end":{"line":225,"column":2}},"8":{"start":{"line":218,"column":4},"end":{"line":223,"column":5}},"9":{"start":{"line":219,"column":19},"end":{"line":219,"column":27}},"10":{"start":{"line":220,"column":6},"end":{"line":220,"column":55}},"11":{"start":{"line":222,"column":6},"end":{"line":222,"column":18}},"12":{"start":{"line":252,"column":0},"end":{"line":264,"column":2}},"13":{"start":{"line":256,"column":4},"end":{"line":262,"column":5}},"14":{"start":{"line":257,"column":30},"end":{"line":257,"column":40}},"15":{"start":{"line":258,"column":19},"end":{"line":258,"column":27}},"16":{"start":{"line":259,"column":6},"end":{"line":259,"column":56}},"17":{"start":{"line":261,"column":6},"end":{"line":261,"column":18}},"18":{"start":{"line":291,"column":0},"end":{"line":301,"column":2}},"19":{"start":{"line":294,"column":4},"end":{"line":299,"column":5}},"20":{"start":{"line":295,"column":30},"end":{"line":295,"column":40}},"21":{"start":{"line":296,"column":6},"end":{"line":296,"column":82}},"22":{"start":{"line":298,"column":6},"end":{"line":298,"column":18}},"23":{"start":{"line":303,"column":0},"end":{"line":311,"column":3}},"24":{"start":{"line":304,"column":2},"end":{"line":310,"column":3}},"25":{"start":{"line":305,"column":17},"end":{"line":305,"column":32}},"26":{"start":{"line":306,"column":20},"end":{"line":306,"column":49}},"27":{"start":{"line":307,"column":4},"end":{"line":307,"column":24}},"28":{"start":{"line":309,"column":4},"end":{"line":309,"column":12}},"29":{"start":{"line":314,"column":0},"end":{"line":326,"column":3}},"30":{"start":{"line":317,"column":2},"end":{"line":325,"column":3}},"31":{"start":{"line":318,"column":22},"end":{"line":318,"column":42}},"32":{"start":{"line":319,"column":28},"end":{"line":319,"column":60}},"33":{"start":{"line":320,"column":17},"end":{"line":320,"column":38}},"34":{"start":{"line":321,"column":20},"end":{"line":321,"column":75}},"35":{"start":{"line":322,"column":4},"end":{"line":322,"column":24}},"36":{"start":{"line":324,"column":4},"end":{"line":324,"column":12}},"37":{"start":{"line":329,"column":0},"end":{"line":339,"column":2}},"38":{"start":{"line":332,"column":4},"end":{"line":337,"column":5}},"39":{"start":{"line":333,"column":30},"end":{"line":333,"column":40}},"40":{"start":{"line":334,"column":6},"end":{"line":334,"column":57}},"41":{"start":{"line":336,"column":6},"end":{"line":336,"column":18}},"42":{"start":{"line":341,"column":0},"end":{"line":341,"column":24}}},"fnMap":{"0":{"name":"(anonymous_0)","decl":{"start":{"line":217,"column":2},"end":{"line":217,"column":3}},"loc":{"start":{"line":217,"column":28},"end":{"line":224,"column":3}},"line":217},"1":{"name":"(anonymous_1)","decl":{"start":{"line":255,"column":2},"end":{"line":255,"column":3}},"loc":{"start":{"line":255,"column":28},"end":{"line":263,"column":3}},"line":255},"2":{"name":"(anonymous_2)","decl":{"start":{"line":293,"column":2},"end":{"line":293,"column":3}},"loc":{"start":{"line":293,"column":28},"end":{"line":300,"column":3}},"line":293},"3":{"name":"(anonymous_3)","decl":{"start":{"line":303,"column":23},"end":{"line":303,"column":24}},"loc":{"start":{"line":303,"column":47},"end":{"line":311,"column":1}},"line":303},"4":{"name":"(anonymous_4)","decl":{"start":{"line":316,"column":2},"end":{"line":316,"column":3}},"loc":{"start":{"line":316,"column":26},"end":{"line":326,"column":1}},"line":316},"5":{"name":"(anonymous_5)","decl":{"start":{"line":331,"column":2},"end":{"line":331,"column":3}},"loc":{"start":{"line":331,"column":28},"end":{"line":338,"column":3}},"line":331}},"branchMap":{"0":{"loc":{"start":{"line":319,"column":28},"end":{"line":319,"column":60}},"type":"binary-expr","locations":[{"start":{"line":319,"column":28},"end":{"line":319,"column":54}},{"start":{"line":319,"column":56},"end":{"line":319,"column":60}}],"line":319},"1":{"loc":{"start":{"line":320,"column":17},"end":{"line":320,"column":38}},"type":"binary-expr","locations":[{"start":{"line":320,"column":17},"end":{"line":320,"column":32}},{"start":{"line":320,"column":34},"end":{"line":320,"column":38}}],"line":320}},"s":{"0":1,"1":1,"2":1,"3":1,"4":1,"5":1,"6":1,"7":1,"8":0,"9":0,"10":0,"11":0,"12":1,"13":0,"14":0,"15":0,"16":0,"17":0,"18":1,"19":0,"20":0,"21":0,"22":0,"23":1,"24":0,"25":0,"26":0,"27":0,"28":0,"29":1,"30":0,"31":0,"32":0,"33":0,"34":0,"35":0,"36":0,"37":1,"38":0,"39":0,"40":0,"41":0,"42":1},"f":{"0":0,"1":0,"2":0,"3":0,"4":0,"5":0},"b":{"0":[0,0],"1":[0,0]},"_coverageSchema":"1a1c01bbd47fc00a2c39e90264f33305004495a9","hash":"3202aa829659a46e76691eb037ff2bfea30fa1d1"}
,"D:\\cursos\\practicas\\MDP\\practica-fu\\FUturo-mvp-backend\\routes\\uploadFile.router.js": {"path":"D:\\cursos\\practicas\\MDP\\practica-fu\\FUturo-mvp-backend\\routes\\uploadFile.router.js","statementMap":{"0":{"start":{"line":1,"column":16},"end":{"line":1,"column":34}},"1":{"start":{"line":2,"column":17},"end":{"line":2,"column":59}},"2":{"start":{"line":3,"column":13},"end":{"line":3,"column":30}},"3":{"start":{"line":6,"column":15},"end":{"line":6,"column":31}},"4":{"start":{"line":9,"column":0},"end":{"line":19,"column":3}},"5":{"start":{"line":10,"column":2},"end":{"line":18,"column":4}},"6":{"start":{"line":11,"column":4},"end":{"line":17,"column":5}},"7":{"start":{"line":12,"column":6},"end":{"line":12,"column":52}},"8":{"start":{"line":13,"column":11},"end":{"line":17,"column":5}},"9":{"start":{"line":14,"column":6},"end":{"line":14,"column":51}},"10":{"start":{"line":16,"column":4},"end":{"line":16,"column":116}},"11":{"start":{"line":21,"column":0},"end":{"line":21,"column":24}}},"fnMap":{"0":{"name":"(anonymous_0)","decl":{"start":{"line":9,"column":16},"end":{"line":9,"column":17}},"loc":{"start":{"line":9,"column":36},"end":{"line":19,"column":1}},"line":9},"1":{"name":"(anonymous_1)","decl":{"start":{"line":10,"column":36},"end":{"line":10,"column":37}},"loc":{"start":{"line":10,"column":51},"end":{"line":18,"column":3}},"line":10}},"branchMap":{"0":{"loc":{"start":{"line":11,"column":4},"end":{"line":17,"column":5}},"type":"if","locations":[{"start":{"line":11,"column":4},"end":{"line":17,"column":5}},{"start":{"line":13,"column":11},"end":{"line":17,"column":5}}],"line":11},"1":{"loc":{"start":{"line":13,"column":11},"end":{"line":17,"column":5}},"type":"if","locations":[{"start":{"line":13,"column":11},"end":{"line":17,"column":5}},{"start":{"line":15,"column":9},"end":{"line":17,"column":5}}],"line":13}},"s":{"0":1,"1":1,"2":1,"3":1,"4":1,"5":0,"6":0,"7":0,"8":0,"9":0,"10":0,"11":1},"f":{"0":0,"1":0},"b":{"0":[0,0],"1":[0,0]},"_coverageSchema":"1a1c01bbd47fc00a2c39e90264f33305004495a9","hash":"04e8d055f71c6607760542046c0f82101f39201e"}
,"D:\\cursos\\practicas\\MDP\\practica-fu\\FUturo-mvp-backend\\schemas\\period.schema.js": {"path":"D:\\cursos\\practicas\\MDP\\practica-fu\\FUturo-mvp-backend\\schemas\\period.schema.js","statementMap":{"0":{"start":{"line":1,"column":12},"end":{"line":1,"column":26}},"1":{"start":{"line":3,"column":16},"end":{"line":3,"column":28}},"2":{"start":{"line":4,"column":20},"end":{"line":4,"column":45}},"3":{"start":{"line":6,"column":27},"end":{"line":9,"column":2}},"4":{"start":{"line":11,"column":27},"end":{"line":13,"column":2}},"5":{"start":{"line":15,"column":24},"end":{"line":17,"column":2}},"6":{"start":{"line":19,"column":0},"end":{"line":19,"column":76}}},"fnMap":{},"branchMap":{},"s":{"0":1,"1":1,"2":1,"3":1,"4":1,"5":1,"6":1},"f":{},"b":{},"_coverageSchema":"1a1c01bbd47fc00a2c39e90264f33305004495a9","hash":"0997d987e821fca3c113614c6280a0da1180b4b6"}
,"D:\\cursos\\practicas\\MDP\\practica-fu\\FUturo-mvp-backend\\schemas\\service.schema.js": {"path":"D:\\cursos\\practicas\\MDP\\practica-fu\\FUturo-mvp-backend\\schemas\\service.schema.js","statementMap":{"0":{"start":{"line":1,"column":12},"end":{"line":1,"column":26}},"1":{"start":{"line":3,"column":20},"end":{"line":3,"column":42}},"2":{"start":{"line":4,"column":20},"end":{"line":4,"column":42}},"3":{"start":{"line":5,"column":27},"end":{"line":5,"column":39}},"4":{"start":{"line":6,"column":22},"end":{"line":6,"column":34}},"5":{"start":{"line":7,"column":29},"end":{"line":7,"column":41}},"6":{"start":{"line":8,"column":20},"end":{"line":8,"column":42}},"7":{"start":{"line":9,"column":15},"end":{"line":9,"column":27}},"8":{"start":{"line":10,"column":20},"end":{"line":10,"column":45}},"9":{"start":{"line":11,"column":20},"end":{"line":11,"column":45}},"10":{"start":{"line":12,"column":24},"end":{"line":12,"column":49}},"11":{"start":{"line":13,"column":20},"end":{"line":13,"column":45}},"12":{"start":{"line":14,"column":24},"end":{"line":14,"column":49}},"13":{"start":{"line":15,"column":19},"end":{"line":15,"column":44}},"14":{"start":{"line":16,"column":15},"end":{"line":16,"column":40}},"15":{"start":{"line":17,"column":30},"end":{"line":17,"column":40}},"16":{"start":{"line":18,"column":30},"end":{"line":18,"column":82}},"17":{"start":{"line":19,"column":23},"end":{"line":19,"column":33}},"18":{"start":{"line":20,"column":23},"end":{"line":20,"column":68}},"19":{"start":{"line":21,"column":19},"end":{"line":21,"column":31}},"20":{"start":{"line":22,"column":14},"end":{"line":22,"column":26}},"21":{"start":{"line":23,"column":24},"end":{"line":23,"column":36}},"22":{"start":{"line":24,"column":22},"end":{"line":24,"column":34}},"23":{"start":{"line":26,"column":28},"end":{"line":47,"column":2}},"24":{"start":{"line":49,"column":28},"end":{"line":70,"column":2}},"25":{"start":{"line":72,"column":25},"end":{"line":74,"column":2}},"26":{"start":{"line":76,"column":0},"end":{"line":76,"column":79}}},"fnMap":{},"branchMap":{},"s":{"0":1,"1":1,"2":1,"3":1,"4":1,"5":1,"6":1,"7":1,"8":1,"9":1,"10":1,"11":1,"12":1,"13":1,"14":1,"15":1,"16":1,"17":1,"18":1,"19":1,"20":1,"21":1,"22":1,"23":1,"24":1,"25":1,"26":1},"f":{},"b":{},"_coverageSchema":"1a1c01bbd47fc00a2c39e90264f33305004495a9","hash":"efeecb043fd4128513b23c1124c9bab7d8b54771"}
[...]
e":75,"column":4},"end":{"line":81,"column":5}},"type":"if","locations":[{"start":{"line":75,"column":4},"end":{"line":81,"column":5}},{"start":{"line":79,"column":9},"end":{"line":81,"column":5}}],"line":75},"6":{"loc":{"start":{"line":98,"column":4},"end":{"line":100,"column":5}},"type":"if","locations":[{"start":{"line":98,"column":4},"end":{"line":100,"column":5}},{"start":{},"end":{}}],"line":98},"7":{"loc":{"start":{"line":120,"column":4},"end":{"line":122,"column":5}},"type":"if","locations":[{"start":{"line":120,"column":4},"end":{"line":122,"column":5}},{"start":{},"end":{}}],"line":120},"8":{"loc":{"start":{"line":123,"column":4},"end":{"line":126,"column":5}},"type":"if","locations":[{"start":{"line":123,"column":4},"end":{"line":126,"column":5}},{"start":{},"end":{}}],"line":123},"9":{"loc":{"start":{"line":161,"column":4},"end":{"line":164,"column":5}},"type":"if","locations":[{"start":{"line":161,"column":4},"end":{"line":164,"column":5}},{"start":{},"end":{}}],"line":161},"10":{"loc":{"start":{"line":165,"column":4},"end":{"line":167,"column":5}},"type":"if","locations":[{"start":{"line":165,"column":4},"end":{"line":167,"column":5}},{"start":{},"end":{}}],"line":165}},"s":{"0":1,"1":1,"2":1,"3":1,"4":1,"5":1,"6":0,"7":3,"8":0,"9":0,"10":0,"11":0,"12":0,"13":0,"14":0,"15":0,"16":0,"17":0,"18":0,"19":0,"20":0,"21":0,"22":0,"23":0,"24":0,"25":0,"26":0,"27":0,"28":0,"29":0,"30":0,"31":0,"32":0,"33":0,"34":0,"35":0,"36":0,"37":0,"38":0,"39":0,"40":0,"41":1,"42":1,"43":1,"44":1,"45":0,"46":1,"47":0,"48":0,"49":0,"50":0,"51":0,"52":0,"53":0,"54":0,"55":0,"56":0,"57":0,"58":0,"59":0,"60":0,"61":0,"62":0,"63":0,"64":0,"65":0,"66":0,"67":0,"68":0,"69":0,"70":0,"71":0,"72":0,"73":0,"74":0,"75":0,"76":0,"77":0,"78":0,"79":0,"80":0,"81":0,"82":1},"f":{"0":1,"1":0,"2":3,"3":0,"4":0,"5":0,"6":1,"7":0,"8":0,"9":0,"10":0,"11":0,"12":0,"13":0},"b":{"0":[0],"1":[0],"2":[0,0],"3":[0,0],"4":[0,0],"5":[0,0],"6":[0,1],"7":[0,0],"8":[0,0],"9":[0,0],"10":[0,0]},"_coverageSchema":"1a1c01bbd47fc00a2c39e90264f33305004495a9","hash":"a94bd8a9b4d0c00b105d17805476cf472ac49732"}
,"D:\\cursos\\practicas\\MDP\\practica-fu\\FUturo-mvp-backend\\services\\salaryBand.service.js": {"path":"D:\\cursos\\practicas\\MDP\\practica-fu\\FUturo-mvp-backend\\services\\salaryBand.service.js","statementMap":{"0":{"start":{"line":1,"column":18},"end":{"line":1,"column":46}},"1":{"start":{"line":6,"column":12},"end":{"line":6,"column":31}},"2":{"start":{"line":7,"column":16},"end":{"line":8,"column":71}},"3":{"start":{"line":9,"column":19},"end":{"line":9,"column":47}},"4":{"start":{"line":10,"column":5},"end":{"line":10,"column":17}},"5":{"start":{"line":14,"column":16},"end":{"line":15,"column":65}},"6":{"start":{"line":16,"column":19},"end":{"line":16,"column":47}},"7":{"start":{"line":17,"column":5},"end":{"line":17,"column":38}},"8":{"start":{"line":23,"column":0},"end":{"line":23,"column":35}}},"fnMap":{"0":{"name":"(anonymous_0)","decl":{"start":{"line":5,"column":2},"end":{"line":5,"column":3}},"loc":{"start":{"line":5,"column":40},"end":{"line":11,"column":3}},"line":5},"1":{"name":"(anonymous_1)","decl":{"start":{"line":13,"column":2},"end":{"line":13,"column":3}},"loc":{"start":{"line":13,"column":35},"end":{"line":18,"column":3}},"line":13}},"branchMap":{},"s":{"0":1,"1":0,"2":0,"3":0,"4":0,"5":0,"6":0,"7":0,"8":1},"f":{"0":0,"1":0},"b":{},"_coverageSchema":"1a1c01bbd47fc00a2c39e90264f33305004495a9","hash":"298f7108b6f21aa8e25a2924db1636df401defe7"}
,"D:\\cursos\\practicas\\MDP\\practica-fu\\FUturo-mvp-backend\\services\\service-line.service.js": {"path":"D:\\cursos\\practicas\\MDP\\practica-fu\\FUturo-mvp-backend\\services\\service-line.service.js","statementMap":{"0":{"start":{"line":1,"column":18},"end":{"line":1,"column":46}},"1":{"start":{"line":4,"column":18},"end":{"line":6,"column":1}},"2":{"start":{"line":5,"column":2},"end":{"line":5,"column":65}},"3":{"start":{"line":12,"column":19},"end":{"line":12,"column":70}},"4":{"start":{"line":15,"column":19},"end":{"line":15,"column":73}},"5":{"start":{"line":17,"column":4},"end":{"line":17,"column":16}},"6":{"start":{"line":21,"column":0},"end":{"line":21,"column":36}}},"fnMap":{"0":{"name":"(anonymous_0)","decl":{"start":{"line":4,"column":18},"end":{"line":4,"column":19}},"loc":{"start":{"line":4,"column":40},"end":{"line":6,"column":1}},"line":4},"1":{"name":"(anonymous_1)","decl":{"start":{"line":10,"column":2},"end":{"line":10,"column":3}},"loc":{"start":{"line":10,"column":17},"end":{"line":18,"column":3}},"line":10}},"branchMap":{"0":{"loc":{"start":{"line":4,"column":19},"end":{"line":4,"column":35}},"type":"default-arg","locations":[{"start":{"line":4,"column":32},"end":{"line":4,"column":35}}],"line":4}},"s":{"0":1,"1":1,"2":0,"3":0,"4":0,"5":0,"6":1},"f":{"0":0,"1":0},"b":{"0":[0]},"_coverageSchema":"1a1c01bbd47fc00a2c39e90264f33305004495a9","hash":"48ad411441b2d01203761b6995f2e77785f5e084"}
,"D:\\cursos\\practicas\\MDP\\practica-fu\\FUturo-mvp-backend\\services\\service-type.service.js": {"path":"D:\\cursos\\practicas\\MDP\\practica-fu\\FUturo-mvp-backend\\services\\service-type.service.js","statementMap":{"0":{"start":{"line":1,"column":18},"end":{"line":1,"column":46}},"1":{"start":{"line":4,"column":18},"end":{"line":6,"column":1}},"2":{"start":{"line":5,"column":2},"end":{"line":5,"column":64}},"3":{"start":{"line":12,"column":19},"end":{"line":12,"column":75}},"4":{"start":{"line":15,"column":19},"end":{"line":15,"column":105}},"5":{"start":{"line":17,"column":4},"end":{"line":17,"column":16}},"6":{"start":{"line":21,"column":0},"end":{"line":21,"column":36}}},"fnMap":{"0":{"name":"(anonymous_0)","decl":{"start":{"line":4,"column":18},"end":{"line":4,"column":19}},"loc":{"start":{"line":4,"column":40},"end":{"line":6,"column":1}},"line":4},"1":{"name":"(anonymous_1)","decl":{"start":{"line":10,"column":2},"end":{"line":10,"column":3}},"loc":{"start":{"line":10,"column":49},"end":{"line":18,"column":3}},"line":10}},"branchMap":{"0":{"loc":{"start":{"line":4,"column":19},"end":{"line":4,"column":35}},"type":"default-arg","locations":[{"start":{"line":4,"column":32},"end":{"line":4,"column":35}}],"line":4}},"s":{"0":1,"1":1,"2":0,"3":0,"4":0,"5":0,"6":1},"f":{"0":0,"1":0},"b":{"0":[0]},"_coverageSchema":"1a1c01bbd47fc00a2c39e90264f33305004495a9","hash":"27d6de0ab6fc64b725513e96d5bfb91dbfb7081e"}
,"D:\\cursos\\practicas\\MDP\\practica-fu\\FUturo-mvp-backend\\services\\services.service.js": {"path":"D:\\cursos\\practicas\\MDP\\practica-fu\\FUturo-mvp-backend\\services\\services.service.js","statementMap":{"0":{"start":{"line":1,"column":13},"end":{"line":1,"column":34}},"1":{"start":{"line":2,"column":18},"end":{"line":2,"column":46}},"2":{"start":{"line":3,"column":23},"end":{"line":3,"column":43}},"3":{"start":{"line":4,"column":31},"end":{"line":4,"column":68}},"4":{"start":{"line":5,"column":27},"end":{"line":5,"column":59}},"5":{"start":{"line":8,"column":18},"end":{"line":10,"column":1}},"6":{"start":{"line":9,"column":2},"end":{"line":9,"column":59}},"7":{"start":{"line":12,"column":18},"end":{"line":14,"column":1}},"8":{"start":{"line":13,"column":2},"end":{"line":13,"column":60}},"9":{"start":{"line":16,"column":23},"end":{"line":16,"column":51}},"10":{"start":{"line":17,"column":27},"end":{"line":17,"column":51}},"11":{"start":{"line":24,"column":19},"end":{"line":31,"column":6}},"12":{"start":{"line":33,"column":18},"end":{"line":33,"column":117}},"13":{"start":{"line":34,"column":27},"end":{"line":57,"column":6}},"14":{"start":{"line":59,"column":21},"end":{"line":59,"column":25}},"15":{"start":{"line":60,"column":4},"end":{"line":69,"column":5}},"16":{"start":{"line":61,"column":6},"end":{"line":68,"column":9}},"17":{"start":{"line":71,"column":4},"end":{"line":71,"column":39}},"18":{"start":{"line":73,"column":4},"end":{"line":73,"column":22}},"19":{"start":{"line":79,"column":18},"end":{"line":101,"column":55}},"20":{"start":{"line":103,"column":30},"end":{"line":127,"column":6}},"21":{"start":{"line":129,"column":4},"end":{"line":131,"column":5}},"22":{"start":{"line":130,"column":6},"end":{"line":130,"column":47}},"23":{"start":{"line":133,"column":4},"end":{"line":133,"column":25}},"24":{"start":{"line":139,"column":19},"end":{"line":162,"column":30}},"25":{"start":{"line":164,"column":16},"end":{"line":165,"column":64}},"26":{"start":{"line":166,"column":21},"end":{"line":166,"column":49}},"27":{"start":{"line":168,"column":4},"end":{"line":168,"column":16}},"28":{"start":{"line":173,"column":20},"end":{"line":173,"column":64}},"29":{"start":{"line":175,"column":4},"end":{"line":177,"column":5}},"30":{"start":{"line":176,"column":6},"end":{"line":176,"column":47}},"31":{"start":{"line":179,"column":17},"end":{"line":183,"column":5}},"32":{"start":{"line":185,"column":4},"end":{"line":185,"column":16}},"33":{"start":{"line":189,"column":16},"end":{"line":192,"column":41}},"34":{"start":{"line":193,"column":18},"end":{"line":193,"column":46}},"35":{"start":{"line":194,"column":4},"end":{"line":194,"column":15}},"36":{"start":{"line":199,"column":16},"end":{"line":204,"column":45}},"37":{"start":{"line":206,"column":4},"end":{"line":208,"column":5}},"38":{"start":{"line":207,"column":6},"end":{"line":207,"column":71}},"39":{"start":{"line":209,"column":4},"end":{"line":211,"column":5}},"40":{"start":{"line":210,"column":6},"end":{"line":210,"column":50}},"41":{"start":{"line":212,"column":18},"end":{"line":212,"column":46}},"42":{"start":{"line":213,"column":4},"end":{"line":213,"column":15}},"43":{"start":{"line":218,"column":19},"end":{"line":232,"column":30}},"44":{"start":{"line":234,"column":14},"end":{"line":235,"column":64}},"45":{"start":{"line":237,"column":4},"end":{"line":237,"column":22}},"46":{"start":{"line":238,"column":21},"end":{"line":238,"column":49}},"47":{"start":{"line":240,"column":4},"end":{"line":240,"column":16}},"48":{"start":{"line":244,"column":20},"end":{"line":245,"column":79}},"49":{"start":{"line":246,"column":4},"end":{"line":246,"column":27}},"50":{"start":{"line":250,"column":20},"end":{"line":251,"column":79}},"51":{"start":{"line":252,"column":4},"end":{"line":252,"column":34}},"52":{"start":{"line":255,"column":0},"end":{"line":255,"column":33}}},"fnMap":{"0":{"name":"(anonymous_0)","decl":{"start":{"line":8,"column":18},"end":{"line":8,"column":19}},"loc":{"start":{"line":8,"column":40},"end":{"line":10,"column":1}},"line":8},"1":{"name":"(anonymous_1)","decl":{"start":{"line":12,"column":18},"end":{"line":12,"column":19}},"loc":{"start":{"line":12,"column":40},"end":{"line":14,"column":1}},"line":12},"2":{"name":"(anonymous_2)","decl":{"start":{"line":21,"column":2},"end":{"line":21,"column":3}},"loc":{"start":{"line":21,"column":21},"end":{"line":75,"column":3}},"line":21},"3":{"name":"(anonymous_3)","decl":{"start":{"line":77,"column":2},"end":{"line":77,"column":3}},"loc":{"start":{"line":77,"column":34},"end":{"line":135,"column":3}},"line":77},"4":{"name":"(anonymous_4)","decl":{"start":{"line":137,"column":2},"end":{"line":137,"column":3}},"loc":{"start":{"line":137,"column":42},"end":{"line":169,"column":3}},"line":137},"5":{"name":"(anonymous_5)","decl":{"start":{"line":171,"column":2},"end":{"line":171,"column":3}},"loc":{"start":{"line":171,"column":60},"end":{"line":186,"column":3}},"line":171},"6":{"name":"(anonymous_6)","decl":{"start":{"line":188,"column":2},"end":{"line":188,"column":3}},"loc":{"start":{"line":188,"column":23},"end":{"line":195,"column":3}},"line":188},"7":{"name":"(anonymous_7)","decl":{"start":{"line":197,"column":2},"end":{"line":197,"column":3}},"loc":{"start":{"line":197,"column":49},"end":{"line":214,"column":3}},"line":197},"8":{"name":"(anonymous_8)","decl":{"start":{"line":216,"column":2},"end":{"line":216,"column":3}},"loc":{"start":{"line":216,"column":35},"end":{"line":241,"column":3}},"line":216},"9":{"name":"(anonymous_9)","decl":{"start":{"line":243,"column":2},"end":{"line":243,"column":3}},"loc":{"start":{"line":243,"column":35},"end":{"line":247,"column":3}},"line":243},"10":{"name":"(anonymous_10)","decl":{"start":{"line":249,"column":2},"end":{"line":249,"column":3}},"loc":{"start":{"line":249,"column":40},"end":{"line":253,"column":3}},"line":249}},"branchMap":{"0":{"loc":{"start":{"line":8,"column":19},"end":{"line":8,"column":35}},"type":"default-arg","locations":[{"start":{"line":8,"column":32},"end":{"line":8,"column":35}}],"line":8},"1":{"loc":{"start":{"line":12,"column":19},"end":{"line":12,"column":35}},"type":"default-arg","locations":[{"start":{"line":12,"column":32},"end":{"line":12,"column":35}}],"line":12},"2":{"loc":{"start":{"line":60,"column":4},"end":{"line":69,"column":5}},"type":"if","locations":[{"start":{"line":60,"column":4},"end":{"line":69,"column":5}},{"start":{},"end":{}}],"line":60},"3":{"loc":{"start":{"line":60,"column":8},"end":{"line":60,"column":80}},"type":"binary-expr","locations":[{"start":{"line":60,"column":8},"end":{"line":60,"column":41}},{"start":{"line":60,"column":45},"end":{"line":60,"column":80}}],"line":60},"4":{"loc":{"start":{"line":65,"column":15},"end":{"line":65,"column":77}},"type":"cond-expr","locations":[{"start":{"line":65,"column":51},"end":{"line":65,"column":73}},{"start":{"line":65,"column":76},"end":{"line":65,"column":77}}],"line":65},"5":{"loc":{"start":{"line":129,"column":4},"end":{"line":131,"column":5}},"type":"if","locations":[{"start":{"line":129,"column":4},"end":{"line":131,"column":5}},{"start":{},"end":{}}],"line":129},"6":{"loc":{"start":{"line":175,"column":4},"end":{"line":177,"column":5}},"type":"if","locations":[{"start":{"line":175,"column":4},"end":{"line":177,"column":5}},{"start":{},"end":{}}],"line":175},"7":{"loc":{"start":{"line":206,"column":4},"end":{"line":208,"column":5}},"type":"if","locations":[{"start":{"line":206,"column":4},"end":{"line":208,"column":5}},{"start":{},"end":{}}],"line":206},"8":{"loc":{"start":{"line":209,"column":4},"end":{"line":211,"column":5}},"type":"if","locations":[{"start":{"line":209,"column":4},"end":{"line":211,"column":5}},{"start":{},"end":{}}],"line":209}},"s":{"0":1,"1":1,"2":1,"3":1,"4":1,"5":1,"6":0,"7":1,"8":0,"9":1,"10":1,"11":0,"12":0,"13":0,"14":0,"15":0,"16":0,"17":0,"18":0,"19":0,"20":0,"21":0,"22":0,"23":0,"24":0,"25":0,"26":0,"27":0,"28":0,"29":0,"30":0,"31":0,"32":0,"33":0,"34":0,"35":0,"36":0,"37":0,"38":0,"39":0,"40":0,"41":0,"42":0,"43":0,"44":0,"45":0,"46":0,"47":0,"48":0,"49":0,"50":0,"51":0,"52":1},"f":{"0":0,"1":0,"2":0,"3":0,"4":0,"5":0,"6":0,"7":0,"8":0,"9":0,"10":0},"b":{"0":[0],"1":[0],"2":[0,0],"3":[0,0],"4":[0,0],"5":[0,0],"6":[0,0],"7":[0,0],"8":[0,0]},"_coverageSchema":"1a1c01bbd47fc00a2c39e90264f33305004495a9","hash":"368929a562a37851d7751f39f32038fc961a8bb3"}
,"D:\\cursos\\practicas\\MDP\\practica-fu\\FUturo-mvp-backend\\services\\user.service.js": {"path":"D:\\cursos\\practicas\\MDP\\practica-fu\\FUturo-mvp-backend\\services\\user.service.js","statementMap":{"0":{"start":{"line":1,"column":18},"end":{"line":1,"column":46}},"1":{"start":{"line":6,"column":16},"end":{"line":6,"column":80}},"2":{"start":{"line":7,"column":21},"end":{"line":7,"column":49}},"3":{"start":{"line":8,"column":5},"end":{"line":8,"column":25}},"4":{"start":{"line":12,"column":16},"end":{"line":12,"column":260}},"5":{"start":{"line":13,"column":20},"end":{"line":13,"column":48}},"6":{"start":{"line":14,"column":4},"end":{"line":14,"column":15}},"7":{"start":{"line":19,"column":0},"end":{"line":19,"column":29}}},"fnMap":{"0":{"name":"(anonymous_0)","decl":{"start":{"line":5,"column":2},"end":{"line":5,"column":3}},"loc":{"start":{"line":5,"column":33},"end":{"line":9,"column":3}},"line":5},"1":{"name":"(anonymous_1)","decl":{"start":{"line":11,"column":2},"end":{"line":11,"column":3}},"loc":{"start":{"line":11,"column":27},"end":{"line":15,"column":3}},"line":11}},"branchMap":{},"s":{"0":1,"1":0,"2":0,"3":0,"4":1,"5":1,"6":1,"7":1},"f":{"0":0,"1":1},"b":{},"_coverageSchema":"1a1c01bbd47fc00a2c39e90264f33305004495a9","hash":"6f6b976e6fad7ac1cde2da20b9acc97be76b1841"}
,"D:\\cursos\\practicas\\MDP\\practica-fu\\FUturo-mvp-backend\\utils\\auth\\index.js": {"path":"D:\\cursos\\practicas\\MDP\\practica-fu\\FUturo-mvp-backend\\utils\\auth\\index.js","statementMap":{"0":{"start":{"line":1,"column":17},"end":{"line":1,"column":36}},"1":{"start":{"line":3,"column":22},"end":{"line":3,"column":60}},"2":{"start":{"line":4,"column":20},"end":{"line":4,"column":56}},"3":{"start":{"line":6,"column":0},"end":{"line":6,"column":28}},"4":{"start":{"line":7,"column":0},"end":{"line":7,"column":26}}},"fnMap":{},"branchMap":{},"s":{"0":1,"1":1,"2":1,"3":1,"4":1},"f":{},"b":{},"_coverageSchema":"1a1c01bbd47fc00a2c39e90264f33305004495a9","hash":"a54452a46c1aacc58d392c179dbba3492f8723b7"}
,"D:\\cursos\\practicas\\MDP\\practica-fu\\FUturo-mvp-backend\\utils\\auth\\strategies\\jwt.strategy.js": {"path":"D:\\cursos\\practicas\\MDP\\practica-fu\\FUturo-mvp-backend\\utils\\auth\\strategies\\jwt.strategy.js","statementMap":{"0":{"start":{"line":1,"column":33},"end":{"line":1,"column":56}},"1":{"start":{"line":3,"column":19},"end":{"line":3,"column":52}},"2":{"start":{"line":5,"column":16},"end":{"line":8,"column":1}},"3":{"start":{"line":10,"column":20},"end":{"line":12,"column":2}},"4":{"start":{"line":11,"column":2},"end":{"line":11,"column":29}},"5":{"start":{"line":14,"column":0},"end":{"line":14,"column":29}}},"fnMap":{"0":{"name":"(anonymous_0)","decl":{"start":{"line":10,"column":42},"end":{"line":10,"column":43}},"loc":{"start":{"line":10,"column":61},"end":{"line":12,"column":1}},"line":10}},"branchMap":{},"s":{"0":1,"1":1,"2":1,"3":1,"4":1,"5":1},"f":{"0":1},"b":{},"_coverageSchema":"1a1c01bbd47fc00a2c39e90264f33305004495a9","hash":"5e07019a0e7160c1e492d762388f2e74332e9feb"}
,"D:\\cursos\\practicas\\MDP\\practica-fu\\FUturo-mvp-backend\\utils\\auth\\strategies\\local.strategy.js": {"path":"D:\\cursos\\practicas\\MDP\\practica-fu\\FUturo-mvp-backend\\utils\\auth\\strategies\\local.strategy.js","statementMap":{"0":{"start":{"line":1,"column":21},"end":{"line":1,"column":46}},"1":{"start":{"line":2,"column":13},"end":{"line":2,"column":34}},"2":{"start":{"line":3,"column":15},"end":{"line":3,"column":32}},"3":{"start":{"line":5,"column":20},"end":{"line":5,"column":63}},"4":{"start":{"line":6,"column":16},"end":{"line":6,"column":33}},"5":{"start":{"line":8,"column":22},"end":{"line":28,"column":1}},"6":{"start":{"line":13,"column":4},"end":{"line":26,"column":5}},"7":{"start":{"line":14,"column":19},"end":{"line":14,"column":51}},"8":{"start":{"line":15,"column":6},"end":{"line":17,"column":7}},"9":{"start":{"line":16,"column":8},"end":{"line":16,"column":41}},"10":{"start":{"line":18,"column":22},"end":{"line":18,"column":67}},"11":{"start":{"line":19,"column":6},"end":{"line":21,"column":7}},"12":{"start":{"line":20,"column":8},"end":{"line":20,"column":41}},"13":{"start":{"line":22,"column":6},"end":{"line":22,"column":27}},"14":{"start":{"line":23,"column":6},"end":{"line":23,"column":23}},"15":{"start":{"line":25,"column":6},"end":{"line":25,"column":25}},"16":{"start":{"line":30,"column":0},"end":{"line":30,"column":31}}},"fnMap":{"0":{"name":"(anonymous_0)","decl":{"start":{"line":12,"column":2},"end":{"line":12,"column":3}},"loc":{"start":{"line":12,"column":35},"end":{"line":27,"column":3}},"line":12}},"branchMap":{"0":{"loc":{"start":{"line":15,"column":6},"end":{"line":17,"column":7}},"type":"if","locations":[{"start":{"line":15,"column":6},"end":{"line":17,"column":7}},{"start":{},"end":{}}],"line":15},"1":{"loc":{"start":{"line":19,"column":6},"end":{"line":21,"column":7}},"type":"if","locations":[{"start":{"line":19,"column":6},"end":{"line":21,"column":7}},{"start":{},"end":{}}],"line":19}},"s":{"0":1,"1":1,"2":1,"3":1,"4":1,"5":1,"6":1,"7":1,"8":1,"9":0,"10":1,"11":1,"12":0,"13":1,"14":1,"15":0,"16":1},"f":{"0":1},"b":{"0":[0,1],"1":[0,1]},"_coverageSchema":"1a1c01bbd47fc00a2c39e90264f33305004495a9","hash":"04bfb306788251b7bbce80225c98a1e60e6712f7"}
}
